[Website] [Warning] <LoginForm.cshtml:55> User Mondanzo (id: 2) failed to login on web due to invalid password
[Website] [Warning] <LoginForm.cshtml:55> User Mondanzo (id: 2) failed to login on web due to invalid password
[Website] [Warning] <LoginForm.cshtml:55> User Mondanzo (id: 2) failed to login on web due to invalid password
[Website] [Warning] <LoginForm.cshtml:55> User Mondanzo (id: 2) failed to login on web due to invalid password
[Website] [Warning] <LoginForm.cshtml:55> User Mondanzo (id: 2) failed to login on web due to invalid password
[Website] [Warning] <LoginForm.cshtml:55> User Mondanzo (id: 2) failed to login on web due to invalid password
[Website] [Warning] <LoginForm.cshtml:55> User Mondanzo (id: 2) failed to login on web due to invalid password
[Website] [Warning] <LoginForm.cshtml:55> User Mondanzo (id: 2) failed to login on web due to invalid password
[Website] [Warning] <LoginForm.cshtml:48> User w failed to login on web due to invalid username
[Website] [Warning] <LoginForm.cshtml:48> User w failed to login on web due to invalid username
[Website] [Warning] <LoginForm.cshtml:48> User w failed to login on web due to invalid username
[Website] [Warning] <LoginForm.cshtml:48> User w failed to login on web due to invalid username
[Website] [Warning] <LoginForm.cshtml:48> User w failed to login on web due to invalid username
[Website] [Warning] <LoginForm.cshtml:48> User w failed to login on web due to invalid username
[Website] [Warning] <LoginForm.cshtml:48> User w failed to login on web due to invalid username
[Website] [Warning] <LoginForm.cshtml:48> User w failed to login on web due to invalid username
[Website] [Warning] <LoginForm.cshtml:48> User w failed to login on web due to invalid username
[Website] [Warning] <LoginForm.cshtml:48> User w failed to login on web due to invalid username
[Website] [Warning] <LoginForm.cshtml:48> User w failed to login on web due to invalid username
[Website] [Warning] <LoginForm.cshtml:48> User w failed to login on web due to invalid username
[Website] [Warning] <LoginForm.cshtml:48> User w failed to login on web due to invalid username
[Website] [Warning] <LoginForm.cshtml:48> User w failed to login on web due to invalid username
[Website] [Warning] <LoginForm.cshtml:48> User ttt failed to login on web due to invalid username
[Website] [Warning] <LoginForm.cshtml:55> User Mondanzo (id: 2) failed to login on web due to invalid password
[Website] [Warning] <LoginForm.cshtml:55> User admin (id: 1) failed to login on web due to invalid password
[Website] [Success] <LoginForm.cshtml:105> User admin (id: 1) successfully logged in on web
[Website] [Warning] <LoginForm.cshtml:55> User admin (id: 1) failed to login on web due to invalid password
[Website] [Warning] <LoginForm.cshtml:55> User admin (id: 1) failed to login on web due to invalid password
[Website] [Success] <LoginForm.cshtml:105> User admin (id: 1) successfully logged in on web
[Website] [Success] <LoginForm.cshtml:105> User Mondanzo (id: 2) successfully logged in on web
[Website] [Success] <LoginForm.cshtml:105> User admin (id: 1) successfully logged in on web
[Website] [Success] <LoginForm.cshtml:105> User Mondanzo (id: 2) successfully logged in on web
[Website] [Success] <LoginForm.cshtml:105> User admin (id: 1) successfully logged in on web
[Website] [Success] <LoginForm.cshtml:105> User Mondanzo (id: 2) successfully logged in on web
[Website] [Success] <LoginForm.cshtml:105> User admin (id: 1) successfully logged in on web
