[Website] [Error] <DiagnosticsLoggerExtensions:UnhandledException> An unhandled exception has occurred while executing the request.
[Website] [Error] <DiagnosticsLoggerExtensions:UnhandledException> CompilationFailures = System.Collections.Generic.List`1[Microsoft.AspNetCore.Diagnostics.CompilationFailure]
TargetSite = System.Reflection.Assembly CompileAndEmit(Microsoft.AspNetCore.Razor.Language.RazorCodeDocument, System.String)
Message = One or more compilation failures occurred:
B:\Development\CSharp\lbpfor.me\ProjectLighthouse.Servers.Website\Pages\Layouts\BaseLayout.cshtml(89,44): error CS0619: "TranslatableString.implicit operator string(TranslatableString)" ist veraltet: "Do not translate by using ToString. Use TranslatableString.Translate()."
Data = System.Collections.ListDictionaryInternal
InnerException = 
HelpLink = 
Source = Microsoft.AspNetCore.Mvc.Razor.RuntimeCompilation
HResult = -2146233088
StackTrace =    at Microsoft.AspNetCore.Mvc.Razor.RuntimeCompilation.RuntimeViewCompiler.CompileAndEmit(RazorCodeDocument codeDocument, String generatedCode)
   at Microsoft.AspNetCore.Mvc.Razor.RuntimeCompilation.RuntimeViewCompiler.CompileAndEmit(String relativePath)
   at Microsoft.AspNetCore.Mvc.Razor.RuntimeCompilation.RuntimeViewCompiler.OnCacheMiss(String normalizedPath)
--- End of stack trace from previous location ---
   at Microsoft.AspNetCore.Mvc.Razor.Compilation.DefaultRazorPageFactoryProvider.CreateFactory(String relativePath)
   at Microsoft.AspNetCore.Mvc.Razor.RazorViewEngine.CreateCacheResult(HashSet`1 expirationTokens, String relativePath, Boolean isMainPage)
   at Microsoft.AspNetCore.Mvc.Razor.RazorViewEngine.OnCacheMiss(ViewLocationExpanderContext expanderContext, ViewLocationCacheKey cacheKey)
   at Microsoft.AspNetCore.Mvc.Razor.RazorViewEngine.LocatePageFromViewLocations(ActionContext actionContext, String pageName, Boolean isMainPage)
   at Microsoft.AspNetCore.Mvc.Razor.RazorViewEngine.FindPage(ActionContext context, String pageName)
   at Microsoft.AspNetCore.Mvc.Razor.RazorView.GetLayoutPage(ViewContext context, String executingFilePath, String layoutPath)
   at Microsoft.AspNetCore.Mvc.Razor.RazorView.RenderLayoutAsync(ViewContext context, ViewBufferTextWriter bodyWriter)
   at Microsoft.AspNetCore.Mvc.Razor.RazorView.RenderAsync(ViewContext context)
   at Microsoft.AspNetCore.Mvc.ViewFeatures.ViewExecutor.ExecuteAsync(ViewContext viewContext, String contentType, Nullable`1 statusCode)
   at Microsoft.AspNetCore.Mvc.ViewFeatures.ViewExecutor.ExecuteAsync(ViewContext viewContext, String contentType, Nullable`1 statusCode)
   at Microsoft.AspNetCore.Mvc.Infrastructure.ResourceInvoker.<InvokeNextResultFilterAsync>g__Awaited|30_0[TFilter,TFilterAsync](ResourceInvoker invoker, Task lastTask, State next, Scope scope, Object state, Boolean isCompleted)
   at Microsoft.AspNetCore.Mvc.Infrastructure.ResourceInvoker.Rethrow(ResultExecutedContextSealed context)
   at Microsoft.AspNetCore.Mvc.Infrastructure.ResourceInvoker.ResultNext[TFilter,TFilterAsync](State& next, Scope& scope, Object& state, Boolean& isCompleted)
   at Microsoft.AspNetCore.Mvc.Infrastructure.ResourceInvoker.InvokeResultFilters()
--- End of stack trace from previous location ---
   at Microsoft.AspNetCore.Mvc.Infrastructure.ResourceInvoker.<InvokeNextResourceFilter>g__Awaited|25_0(ResourceInvoker invoker, Task lastTask, State next, Scope scope, Object state, Boolean isCompleted)
   at Microsoft.AspNetCore.Mvc.Infrastructure.ResourceInvoker.Rethrow(ResourceExecutedContextSealed context)
   at Microsoft.AspNetCore.Mvc.Infrastructure.ResourceInvoker.Next(State& next, Scope& scope, Object& state, Boolean& isCompleted)
   at Microsoft.AspNetCore.Mvc.Infrastructure.ResourceInvoker.<InvokeFilterPipelineAsync>g__Awaited|20_0(ResourceInvoker invoker, Task lastTask, State next, Scope scope, Object state, Boolean isCompleted)
   at Microsoft.AspNetCore.Mvc.Infrastructure.ResourceInvoker.<InvokeAsync>g__Awaited|17_0(ResourceInvoker invoker, Task task, IDisposable scope)
   at Microsoft.AspNetCore.Mvc.Infrastructure.ResourceInvoker.<InvokeAsync>g__Awaited|17_0(ResourceInvoker invoker, Task task, IDisposable scope)
   at Microsoft.AspNetCore.Routing.EndpointMiddleware.<Invoke>g__AwaitRequestTask|6_0(Endpoint endpoint, Task requestTask, ILogger logger)
   at Microsoft.AspNetCore.Localization.RequestLocalizationMiddleware.Invoke(HttpContext context)
   at LBPUnion.ProjectLighthouse.Middlewares.RequestLogMiddleware.InvokeAsync(HttpContext context) in B:\Development\CSharp\lbpfor.me\ProjectLighthouse\Middlewares\RequestLogMiddleware.cs:line 27
   at Microsoft.AspNetCore.Diagnostics.DeveloperExceptionPageMiddleware.Invoke(HttpContext context)
[Website] [Error] <DiagnosticsLoggerExtensions:UnhandledException> An unhandled exception has occurred while executing the request.
[Website] [Error] <DiagnosticsLoggerExtensions:UnhandledException> CompilationFailures = System.Collections.Generic.List`1[Microsoft.AspNetCore.Diagnostics.CompilationFailure]
TargetSite = System.Reflection.Assembly CompileAndEmit(Microsoft.AspNetCore.Razor.Language.RazorCodeDocument, System.String)
Message = One or more compilation failures occurred:
B:\Development\CSharp\lbpfor.me\ProjectLighthouse.Servers.Website\Pages\Layouts\BaseLayout.cshtml(89,73): error CS1501: Keine Überladung für die Translate-Methode nimmt 0 Argumente an.
Data = System.Collections.ListDictionaryInternal
InnerException = 
HelpLink = 
Source = Microsoft.AspNetCore.Mvc.Razor.RuntimeCompilation
HResult = -2146233088
StackTrace =    at Microsoft.AspNetCore.Mvc.Razor.RuntimeCompilation.RuntimeViewCompiler.CompileAndEmit(RazorCodeDocument codeDocument, String generatedCode)
   at Microsoft.AspNetCore.Mvc.Razor.RuntimeCompilation.RuntimeViewCompiler.CompileAndEmit(String relativePath)
   at Microsoft.AspNetCore.Mvc.Razor.RuntimeCompilation.RuntimeViewCompiler.OnCacheMiss(String normalizedPath)
--- End of stack trace from previous location ---
   at Microsoft.AspNetCore.Mvc.Razor.Compilation.DefaultRazorPageFactoryProvider.CreateFactory(String relativePath)
   at Microsoft.AspNetCore.Mvc.Razor.RazorViewEngine.CreateCacheResult(HashSet`1 expirationTokens, String relativePath, Boolean isMainPage)
   at Microsoft.AspNetCore.Mvc.Razor.RazorViewEngine.OnCacheMiss(ViewLocationExpanderContext expanderContext, ViewLocationCacheKey cacheKey)
   at Microsoft.AspNetCore.Mvc.Razor.RazorViewEngine.LocatePageFromViewLocations(ActionContext actionContext, String pageName, Boolean isMainPage)
   at Microsoft.AspNetCore.Mvc.Razor.RazorViewEngine.FindPage(ActionContext context, String pageName)
   at Microsoft.AspNetCore.Mvc.Razor.RazorView.GetLayoutPage(ViewContext context, String executingFilePath, String layoutPath)
   at Microsoft.AspNetCore.Mvc.Razor.RazorView.RenderLayoutAsync(ViewContext context, ViewBufferTextWriter bodyWriter)
   at Microsoft.AspNetCore.Mvc.Razor.RazorView.RenderAsync(ViewContext context)
   at Microsoft.AspNetCore.Mvc.ViewFeatures.ViewExecutor.ExecuteAsync(ViewContext viewContext, String contentType, Nullable`1 statusCode)
   at Microsoft.AspNetCore.Mvc.ViewFeatures.ViewExecutor.ExecuteAsync(ViewContext viewContext, String contentType, Nullable`1 statusCode)
   at Microsoft.AspNetCore.Mvc.Infrastructure.ResourceInvoker.<InvokeNextResultFilterAsync>g__Awaited|30_0[TFilter,TFilterAsync](ResourceInvoker invoker, Task lastTask, State next, Scope scope, Object state, Boolean isCompleted)
   at Microsoft.AspNetCore.Mvc.Infrastructure.ResourceInvoker.Rethrow(ResultExecutedContextSealed context)
   at Microsoft.AspNetCore.Mvc.Infrastructure.ResourceInvoker.ResultNext[TFilter,TFilterAsync](State& next, Scope& scope, Object& state, Boolean& isCompleted)
   at Microsoft.AspNetCore.Mvc.Infrastructure.ResourceInvoker.InvokeResultFilters()
--- End of stack trace from previous location ---
   at Microsoft.AspNetCore.Mvc.Infrastructure.ResourceInvoker.<InvokeNextResourceFilter>g__Awaited|25_0(ResourceInvoker invoker, Task lastTask, State next, Scope scope, Object state, Boolean isCompleted)
   at Microsoft.AspNetCore.Mvc.Infrastructure.ResourceInvoker.Rethrow(ResourceExecutedContextSealed context)
   at Microsoft.AspNetCore.Mvc.Infrastructure.ResourceInvoker.Next(State& next, Scope& scope, Object& state, Boolean& isCompleted)
   at Microsoft.AspNetCore.Mvc.Infrastructure.ResourceInvoker.<InvokeFilterPipelineAsync>g__Awaited|20_0(ResourceInvoker invoker, Task lastTask, State next, Scope scope, Object state, Boolean isCompleted)
   at Microsoft.AspNetCore.Mvc.Infrastructure.ResourceInvoker.<InvokeAsync>g__Awaited|17_0(ResourceInvoker invoker, Task task, IDisposable scope)
   at Microsoft.AspNetCore.Mvc.Infrastructure.ResourceInvoker.<InvokeAsync>g__Awaited|17_0(ResourceInvoker invoker, Task task, IDisposable scope)
   at Microsoft.AspNetCore.Routing.EndpointMiddleware.<Invoke>g__AwaitRequestTask|6_0(Endpoint endpoint, Task requestTask, ILogger logger)
   at Microsoft.AspNetCore.Localization.RequestLocalizationMiddleware.Invoke(HttpContext context)
   at LBPUnion.ProjectLighthouse.Middlewares.RequestLogMiddleware.InvokeAsync(HttpContext context) in B:\Development\CSharp\lbpfor.me\ProjectLighthouse\Middlewares\RequestLogMiddleware.cs:line 27
   at Microsoft.AspNetCore.Diagnostics.DeveloperExceptionPageMiddleware.Invoke(HttpContext context)
[Website] [Error] <DiagnosticsLoggerExtensions:UnhandledException> An unhandled exception has occurred while executing the request.
[Website] [Error] <DiagnosticsLoggerExtensions:UnhandledException> TargetSite = Microsoft.EntityFrameworkCore.Internal.IDbContextServices get_ContextServices()
Message = An attempt was made to use the context instance while it is being configured. A DbContext instance cannot be used inside 'OnConfiguring' since it is still being configured at this point. This can happen if a second operation is started on this context instance before a previous operation completed. Any instance members are not guaranteed to be thread safe.
Data = System.Collections.ListDictionaryInternal
InnerException = 
HelpLink = 
Source = Microsoft.EntityFrameworkCore
HResult = -2146233079
StackTrace =    at Microsoft.EntityFrameworkCore.DbContext.get_ContextServices()
   at Microsoft.EntityFrameworkCore.DbContext.get_Model()
   at Microsoft.EntityFrameworkCore.Internal.InternalDbSet`1.get_EntityType()
   at Microsoft.EntityFrameworkCore.Internal.InternalDbSet`1.CheckState()
   at Microsoft.EntityFrameworkCore.Internal.InternalDbSet`1.get_EntityQueryable()
   at Microsoft.EntityFrameworkCore.Internal.InternalDbSet`1.System.Linq.IQueryable.get_Provider()
   at System.Linq.Queryable.Where[TSource](IQueryable`1 source, Expression`1 predicate)
   at LBPUnion.ProjectLighthouse.Helpers.StatisticsHelper.RecentMatches() in B:\Development\CSharp\lbpfor.me\ProjectLighthouse\Helpers\StatisticsHelper.cs:line 13
   at LBPUnion.ProjectLighthouse.Servers.Website.Pages.LandingPage.OnGet() in B:\Development\CSharp\lbpfor.me\ProjectLighthouse.Servers.Website\Pages\LandingPage.cshtml.cs:line 32
   at Microsoft.AspNetCore.Mvc.RazorPages.Infrastructure.ExecutorFactory.GenericTaskHandlerMethod.Convert[T](Object taskAsObject)
   at Microsoft.AspNetCore.Mvc.RazorPages.Infrastructure.ExecutorFactory.GenericTaskHandlerMethod.Execute(Object receiver, Object[] arguments)
   at Microsoft.AspNetCore.Mvc.RazorPages.Infrastructure.PageActionInvoker.InvokeHandlerMethodAsync()
   at Microsoft.AspNetCore.Mvc.RazorPages.Infrastructure.PageActionInvoker.InvokeNextPageFilterAsync()
   at Microsoft.AspNetCore.Mvc.RazorPages.Infrastructure.PageActionInvoker.Rethrow(PageHandlerExecutedContext context)
   at Microsoft.AspNetCore.Mvc.RazorPages.Infrastructure.PageActionInvoker.Next(State& next, Scope& scope, Object& state, Boolean& isCompleted)
   at Microsoft.AspNetCore.Mvc.RazorPages.Infrastructure.PageActionInvoker.InvokeInnerFilterAsync()
   at Microsoft.AspNetCore.Mvc.Infrastructure.ResourceInvoker.<InvokeNextResourceFilter>g__Awaited|25_0(ResourceInvoker invoker, Task lastTask, State next, Scope scope, Object state, Boolean isCompleted)
   at Microsoft.AspNetCore.Mvc.Infrastructure.ResourceInvoker.Rethrow(ResourceExecutedContextSealed context)
   at Microsoft.AspNetCore.Mvc.Infrastructure.ResourceInvoker.Next(State& next, Scope& scope, Object& state, Boolean& isCompleted)
   at Microsoft.AspNetCore.Mvc.Infrastructure.ResourceInvoker.InvokeFilterPipelineAsync()
--- End of stack trace from previous location ---
   at Microsoft.AspNetCore.Mvc.Infrastructure.ResourceInvoker.<InvokeAsync>g__Awaited|17_0(ResourceInvoker invoker, Task task, IDisposable scope)
   at Microsoft.AspNetCore.Mvc.Infrastructure.ResourceInvoker.<InvokeAsync>g__Awaited|17_0(ResourceInvoker invoker, Task task, IDisposable scope)
   at Microsoft.AspNetCore.Routing.EndpointMiddleware.<Invoke>g__AwaitRequestTask|6_0(Endpoint endpoint, Task requestTask, ILogger logger)
   at Microsoft.AspNetCore.Localization.RequestLocalizationMiddleware.Invoke(HttpContext context)
   at Microsoft.AspNetCore.Routing.EndpointRoutingMiddleware.<Invoke>g__AwaitMatcher|8_0(EndpointRoutingMiddleware middleware, HttpContext httpContext, Task`1 matcherTask)
   at LBPUnion.ProjectLighthouse.Middlewares.RequestLogMiddleware.InvokeAsync(HttpContext context) in B:\Development\CSharp\lbpfor.me\ProjectLighthouse\Middlewares\RequestLogMiddleware.cs:line 27
   at Microsoft.AspNetCore.Diagnostics.DeveloperExceptionPageMiddleware.Invoke(HttpContext context)
[Website] [Error] <DiagnosticsLoggerExtensions:UnhandledException> An unhandled exception has occurred while executing the request.
[Website] [Error] <DiagnosticsLoggerExtensions:UnhandledException> TargetSite = Microsoft.EntityFrameworkCore.Internal.IDbContextServices get_ContextServices()
Message = An attempt was made to use the context instance while it is being configured. A DbContext instance cannot be used inside 'OnConfiguring' since it is still being configured at this point. This can happen if a second operation is started on this context instance before a previous operation completed. Any instance members are not guaranteed to be thread safe.
Data = System.Collections.ListDictionaryInternal
InnerException = 
HelpLink = 
Source = Microsoft.EntityFrameworkCore
HResult = -2146233079
StackTrace =    at Microsoft.EntityFrameworkCore.DbContext.get_ContextServices()
   at Microsoft.EntityFrameworkCore.DbContext.get_Model()
   at Microsoft.EntityFrameworkCore.Internal.InternalDbSet`1.get_EntityType()
   at Microsoft.EntityFrameworkCore.Internal.InternalDbSet`1.CheckState()
   at Microsoft.EntityFrameworkCore.Internal.InternalDbSet`1.get_EntityQueryable()
   at Microsoft.EntityFrameworkCore.Internal.InternalDbSet`1.System.Linq.IQueryable.get_Provider()
   at System.Linq.Queryable.Where[TSource](IQueryable`1 source, Expression`1 predicate)
   at LBPUnion.ProjectLighthouse.Helpers.StatisticsHelper.RecentMatches() in B:\Development\CSharp\lbpfor.me\ProjectLighthouse\Helpers\StatisticsHelper.cs:line 13
   at LBPUnion.ProjectLighthouse.Servers.Website.Pages.LandingPage.OnGet() in B:\Development\CSharp\lbpfor.me\ProjectLighthouse.Servers.Website\Pages\LandingPage.cshtml.cs:line 32
   at Microsoft.AspNetCore.Mvc.RazorPages.Infrastructure.ExecutorFactory.GenericTaskHandlerMethod.Convert[T](Object taskAsObject)
   at Microsoft.AspNetCore.Mvc.RazorPages.Infrastructure.ExecutorFactory.GenericTaskHandlerMethod.Execute(Object receiver, Object[] arguments)
   at Microsoft.AspNetCore.Mvc.RazorPages.Infrastructure.PageActionInvoker.InvokeHandlerMethodAsync()
   at Microsoft.AspNetCore.Mvc.RazorPages.Infrastructure.PageActionInvoker.InvokeNextPageFilterAsync()
   at Microsoft.AspNetCore.Mvc.RazorPages.Infrastructure.PageActionInvoker.Rethrow(PageHandlerExecutedContext context)
   at Microsoft.AspNetCore.Mvc.RazorPages.Infrastructure.PageActionInvoker.Next(State& next, Scope& scope, Object& state, Boolean& isCompleted)
   at Microsoft.AspNetCore.Mvc.RazorPages.Infrastructure.PageActionInvoker.InvokeInnerFilterAsync()
   at Microsoft.AspNetCore.Mvc.Infrastructure.ResourceInvoker.<InvokeNextResourceFilter>g__Awaited|25_0(ResourceInvoker invoker, Task lastTask, State next, Scope scope, Object state, Boolean isCompleted)
   at Microsoft.AspNetCore.Mvc.Infrastructure.ResourceInvoker.Rethrow(ResourceExecutedContextSealed context)
   at Microsoft.AspNetCore.Mvc.Infrastructure.ResourceInvoker.Next(State& next, Scope& scope, Object& state, Boolean& isCompleted)
   at Microsoft.AspNetCore.Mvc.Infrastructure.ResourceInvoker.InvokeFilterPipelineAsync()
--- End of stack trace from previous location ---
   at Microsoft.AspNetCore.Mvc.Infrastructure.ResourceInvoker.<InvokeAsync>g__Awaited|17_0(ResourceInvoker invoker, Task task, IDisposable scope)
   at Microsoft.AspNetCore.Mvc.Infrastructure.ResourceInvoker.<InvokeAsync>g__Awaited|17_0(ResourceInvoker invoker, Task task, IDisposable scope)
   at Microsoft.AspNetCore.Routing.EndpointMiddleware.<Invoke>g__AwaitRequestTask|6_0(Endpoint endpoint, Task requestTask, ILogger logger)
   at Microsoft.AspNetCore.Localization.RequestLocalizationMiddleware.Invoke(HttpContext context)
   at LBPUnion.ProjectLighthouse.Middlewares.RequestLogMiddleware.InvokeAsync(HttpContext context) in B:\Development\CSharp\lbpfor.me\ProjectLighthouse\Middlewares\RequestLogMiddleware.cs:line 27
   at Microsoft.AspNetCore.Diagnostics.DeveloperExceptionPageMiddleware.Invoke(HttpContext context)
[Website] [Error] <DiagnosticsLoggerExtensions:UnhandledException> An unhandled exception has occurred while executing the request.
[Website] [Error] <DiagnosticsLoggerExtensions:UnhandledException> CompilationFailures = System.Collections.Generic.List`1[Microsoft.AspNetCore.Diagnostics.CompilationFailure]
TargetSite = System.Reflection.Assembly CompileAndEmit(Microsoft.AspNetCore.Razor.Language.RazorCodeDocument, System.String)
Message = One or more compilation failures occurred:
B:\Development\CSharp\lbpfor.me\ProjectLighthouse.Servers.Website\Pages\RegisterForm.cshtml(29,31): error CS0103: The name 'GeneralStrings' does not exist in the current context
Data = System.Collections.ListDictionaryInternal
InnerException = 
HelpLink = 
Source = Microsoft.AspNetCore.Mvc.Razor.RuntimeCompilation
HResult = -2146233088
StackTrace =    at Microsoft.AspNetCore.Mvc.Razor.RuntimeCompilation.RuntimeViewCompiler.CompileAndEmit(RazorCodeDocument codeDocument, String generatedCode)
   at Microsoft.AspNetCore.Mvc.Razor.RuntimeCompilation.RuntimeViewCompiler.CompileAndEmit(String relativePath)
   at Microsoft.AspNetCore.Mvc.Razor.RuntimeCompilation.RuntimeViewCompiler.OnCacheMiss(String normalizedPath)
--- End of stack trace from previous location ---
   at Microsoft.AspNetCore.Mvc.RazorPages.Infrastructure.DefaultPageLoader.LoadAsyncCore(PageActionDescriptor actionDescriptor, EndpointMetadataCollection endpointMetadata)
   at Microsoft.AspNetCore.Mvc.RazorPages.Infrastructure.PageLoaderMatcherPolicy.ApplyAsyncAwaited(PageLoader pageLoader, CandidateSet candidates, Task`1 actionDescriptorTask, Int32 index)
   at Microsoft.AspNetCore.Routing.Matching.DfaMatcher.SelectEndpointWithPoliciesAsync(HttpContext httpContext, IEndpointSelectorPolicy[] policies, CandidateSet candidateSet)
   at Microsoft.AspNetCore.Routing.EndpointRoutingMiddleware.<Invoke>g__AwaitMatch|8_1(EndpointRoutingMiddleware middleware, HttpContext httpContext, Task matchTask)
   at LBPUnion.ProjectLighthouse.Middlewares.RequestLogMiddleware.InvokeAsync(HttpContext context) in B:\Development\CSharp\lbpfor.me\ProjectLighthouse\Middlewares\RequestLogMiddleware.cs:line 27
   at Microsoft.AspNetCore.Diagnostics.DeveloperExceptionPageMiddleware.Invoke(HttpContext context)
[Website] [Error] <DiagnosticsLoggerExtensions:UnhandledException> An unhandled exception has occurred while executing the request.
[Website] [Error] <DiagnosticsLoggerExtensions:UnhandledException> CompilationFailures = System.Collections.Generic.List`1[Microsoft.AspNetCore.Diagnostics.CompilationFailure]
TargetSite = System.Reflection.Assembly CompileAndEmit(Microsoft.AspNetCore.Razor.Language.RazorCodeDocument, System.String)
Message = One or more compilation failures occurred:
B:\Development\CSharp\lbpfor.me\ProjectLighthouse.Servers.Website\Pages\RegisterForm.cshtml(29,31): error CS1503: Argument 1: cannot convert from 'string' to 'LBPUnion.ProjectLighthouse.Localization.TranslatableString'
Data = System.Collections.ListDictionaryInternal
InnerException = 
HelpLink = 
Source = Microsoft.AspNetCore.Mvc.Razor.RuntimeCompilation
HResult = -2146233088
StackTrace =    at Microsoft.AspNetCore.Mvc.Razor.RuntimeCompilation.RuntimeViewCompiler.CompileAndEmit(RazorCodeDocument codeDocument, String generatedCode)
   at Microsoft.AspNetCore.Mvc.Razor.RuntimeCompilation.RuntimeViewCompiler.CompileAndEmit(String relativePath)
   at Microsoft.AspNetCore.Mvc.Razor.RuntimeCompilation.RuntimeViewCompiler.OnCacheMiss(String normalizedPath)
--- End of stack trace from previous location ---
   at Microsoft.AspNetCore.Mvc.RazorPages.Infrastructure.DefaultPageLoader.LoadAsyncCore(PageActionDescriptor actionDescriptor, EndpointMetadataCollection endpointMetadata)
   at Microsoft.AspNetCore.Mvc.RazorPages.Infrastructure.PageLoaderMatcherPolicy.ApplyAsyncAwaited(PageLoader pageLoader, CandidateSet candidates, Task`1 actionDescriptorTask, Int32 index)
   at Microsoft.AspNetCore.Routing.Matching.DfaMatcher.SelectEndpointWithPoliciesAsync(HttpContext httpContext, IEndpointSelectorPolicy[] policies, CandidateSet candidateSet)
   at Microsoft.AspNetCore.Routing.EndpointRoutingMiddleware.<Invoke>g__AwaitMatch|8_1(EndpointRoutingMiddleware middleware, HttpContext httpContext, Task matchTask)
   at LBPUnion.ProjectLighthouse.Middlewares.RequestLogMiddleware.InvokeAsync(HttpContext context) in B:\Development\CSharp\lbpfor.me\ProjectLighthouse\Middlewares\RequestLogMiddleware.cs:line 27
   at Microsoft.AspNetCore.Diagnostics.DeveloperExceptionPageMiddleware.Invoke(HttpContext context)
[Website] [Error] <DiagnosticsLoggerExtensions:UnhandledException> An unhandled exception has occurred while executing the request.
[Website] [Error] <DiagnosticsLoggerExtensions:UnhandledException> CompilationFailures = System.Collections.Generic.List`1[Microsoft.AspNetCore.Diagnostics.CompilationFailure]
TargetSite = System.Reflection.Assembly CompileAndEmit(Microsoft.AspNetCore.Razor.Language.RazorCodeDocument, System.String)
Message = One or more compilation failures occurred:
B:\Development\CSharp\lbpfor.me\ProjectLighthouse.Servers.Website\Pages\RegisterForm.cshtml(29,31): error CS1503: Argument 1: cannot convert from 'string' to 'LBPUnion.ProjectLighthouse.Localization.TranslatableString'
Data = System.Collections.ListDictionaryInternal
InnerException = 
HelpLink = 
Source = Microsoft.AspNetCore.Mvc.Razor.RuntimeCompilation
HResult = -2146233088
StackTrace =    at Microsoft.AspNetCore.Mvc.Razor.RuntimeCompilation.RuntimeViewCompiler.CompileAndEmit(RazorCodeDocument codeDocument, String generatedCode)
   at Microsoft.AspNetCore.Mvc.Razor.RuntimeCompilation.RuntimeViewCompiler.CompileAndEmit(String relativePath)
   at Microsoft.AspNetCore.Mvc.Razor.RuntimeCompilation.RuntimeViewCompiler.OnCacheMiss(String normalizedPath)
--- End of stack trace from previous location ---
   at Microsoft.AspNetCore.Mvc.RazorPages.Infrastructure.DefaultPageLoader.LoadAsyncCore(PageActionDescriptor actionDescriptor, EndpointMetadataCollection endpointMetadata)
   at Microsoft.AspNetCore.Mvc.RazorPages.Infrastructure.PageLoaderMatcherPolicy.ApplyAsyncAwaited(PageLoader pageLoader, CandidateSet candidates, Task`1 actionDescriptorTask, Int32 index)
   at Microsoft.AspNetCore.Routing.Matching.DfaMatcher.SelectEndpointWithPoliciesAsync(HttpContext httpContext, IEndpointSelectorPolicy[] policies, CandidateSet candidateSet)
   at Microsoft.AspNetCore.Routing.EndpointRoutingMiddleware.<Invoke>g__AwaitMatch|8_1(EndpointRoutingMiddleware middleware, HttpContext httpContext, Task matchTask)
   at LBPUnion.ProjectLighthouse.Middlewares.RequestLogMiddleware.InvokeAsync(HttpContext context) in B:\Development\CSharp\lbpfor.me\ProjectLighthouse\Middlewares\RequestLogMiddleware.cs:line 27
   at Microsoft.AspNetCore.Diagnostics.DeveloperExceptionPageMiddleware.Invoke(HttpContext context)
[Website] [Error] <DiagnosticsLoggerExtensions:UnhandledException> An unhandled exception has occurred while executing the request.
[Website] [Error] <DiagnosticsLoggerExtensions:UnhandledException> CompilationFailures = System.Collections.Generic.List`1[Microsoft.AspNetCore.Diagnostics.CompilationFailure]
TargetSite = System.Reflection.Assembly CompileAndEmit(Microsoft.AspNetCore.Razor.Language.RazorCodeDocument, System.String)
Message = One or more compilation failures occurred:
B:\Development\CSharp\lbpfor.me\ProjectLighthouse.Servers.Website\Pages\Layouts\BaseLayout.cshtml(102,74): error CS0103: The name 'mobileIconStyle' does not exist in the current context
Data = System.Collections.ListDictionaryInternal
InnerException = 
HelpLink = 
Source = Microsoft.AspNetCore.Mvc.Razor.RuntimeCompilation
HResult = -2146233088
StackTrace =    at Microsoft.AspNetCore.Mvc.Razor.RuntimeCompilation.RuntimeViewCompiler.CompileAndEmit(RazorCodeDocument codeDocument, String generatedCode)
   at Microsoft.AspNetCore.Mvc.Razor.RuntimeCompilation.RuntimeViewCompiler.CompileAndEmit(String relativePath)
   at Microsoft.AspNetCore.Mvc.Razor.RuntimeCompilation.RuntimeViewCompiler.OnCacheMiss(String normalizedPath)
--- End of stack trace from previous location ---
   at Microsoft.AspNetCore.Mvc.Razor.Compilation.DefaultRazorPageFactoryProvider.CreateFactory(String relativePath)
   at Microsoft.AspNetCore.Mvc.Razor.RazorViewEngine.CreateCacheResult(HashSet`1 expirationTokens, String relativePath, Boolean isMainPage)
   at Microsoft.AspNetCore.Mvc.Razor.RazorViewEngine.OnCacheMiss(ViewLocationExpanderContext expanderContext, ViewLocationCacheKey cacheKey)
   at Microsoft.AspNetCore.Mvc.Razor.RazorViewEngine.LocatePageFromViewLocations(ActionContext actionContext, String pageName, Boolean isMainPage)
   at Microsoft.AspNetCore.Mvc.Razor.RazorViewEngine.FindPage(ActionContext context, String pageName)
   at Microsoft.AspNetCore.Mvc.Razor.RazorView.GetLayoutPage(ViewContext context, String executingFilePath, String layoutPath)
   at Microsoft.AspNetCore.Mvc.Razor.RazorView.RenderLayoutAsync(ViewContext context, ViewBufferTextWriter bodyWriter)
   at Microsoft.AspNetCore.Mvc.Razor.RazorView.RenderAsync(ViewContext context)
   at Microsoft.AspNetCore.Mvc.ViewFeatures.ViewExecutor.ExecuteAsync(ViewContext viewContext, String contentType, Nullable`1 statusCode)
   at Microsoft.AspNetCore.Mvc.ViewFeatures.ViewExecutor.ExecuteAsync(ViewContext viewContext, String contentType, Nullable`1 statusCode)
   at Microsoft.AspNetCore.Mvc.Infrastructure.ResourceInvoker.<InvokeNextResultFilterAsync>g__Awaited|30_0[TFilter,TFilterAsync](ResourceInvoker invoker, Task lastTask, State next, Scope scope, Object state, Boolean isCompleted)
   at Microsoft.AspNetCore.Mvc.Infrastructure.ResourceInvoker.Rethrow(ResultExecutedContextSealed context)
   at Microsoft.AspNetCore.Mvc.Infrastructure.ResourceInvoker.ResultNext[TFilter,TFilterAsync](State& next, Scope& scope, Object& state, Boolean& isCompleted)
   at Microsoft.AspNetCore.Mvc.Infrastructure.ResourceInvoker.<InvokeResultFilters>g__Awaited|28_0(ResourceInvoker invoker, Task lastTask, State next, Scope scope, Object state, Boolean isCompleted)
   at Microsoft.AspNetCore.Mvc.Infrastructure.ResourceInvoker.<InvokeNextResourceFilter>g__Awaited|25_0(ResourceInvoker invoker, Task lastTask, State next, Scope scope, Object state, Boolean isCompleted)
   at Microsoft.AspNetCore.Mvc.Infrastructure.ResourceInvoker.Rethrow(ResourceExecutedContextSealed context)
   at Microsoft.AspNetCore.Mvc.Infrastructure.ResourceInvoker.Next(State& next, Scope& scope, Object& state, Boolean& isCompleted)
   at Microsoft.AspNetCore.Mvc.Infrastructure.ResourceInvoker.<InvokeFilterPipelineAsync>g__Awaited|20_0(ResourceInvoker invoker, Task lastTask, State next, Scope scope, Object state, Boolean isCompleted)
   at Microsoft.AspNetCore.Mvc.Infrastructure.ResourceInvoker.<InvokeAsync>g__Awaited|17_0(ResourceInvoker invoker, Task task, IDisposable scope)
   at Microsoft.AspNetCore.Mvc.Infrastructure.ResourceInvoker.<InvokeAsync>g__Awaited|17_0(ResourceInvoker invoker, Task task, IDisposable scope)
   at Microsoft.AspNetCore.Routing.EndpointMiddleware.<Invoke>g__AwaitRequestTask|6_0(Endpoint endpoint, Task requestTask, ILogger logger)
   at Microsoft.AspNetCore.Localization.RequestLocalizationMiddleware.Invoke(HttpContext context)
   at LBPUnion.ProjectLighthouse.Middlewares.RequestLogMiddleware.InvokeAsync(HttpContext context) in B:\Development\CSharp\lbpfor.me\ProjectLighthouse\Middlewares\RequestLogMiddleware.cs:line 27
   at Microsoft.AspNetCore.Diagnostics.DeveloperExceptionPageMiddleware.Invoke(HttpContext context)
[Website] [Error] <DiagnosticsLoggerExtensions:UnhandledException> An unhandled exception has occurred while executing the request.
[Website] [Error] <DiagnosticsLoggerExtensions:UnhandledException> CompilationFailures = System.Collections.Generic.List`1[Microsoft.AspNetCore.Diagnostics.CompilationFailure]
TargetSite = System.Reflection.Assembly CompileAndEmit(Microsoft.AspNetCore.Razor.Language.RazorCodeDocument, System.String)
Message = One or more compilation failures occurred:
B:\Development\CSharp\lbpfor.me\ProjectLighthouse.Servers.Website\Pages\Layouts\BaseLayout.cshtml(102,74): error CS0103: The name 'mobileIconStyle' does not exist in the current context
Data = System.Collections.ListDictionaryInternal
InnerException = 
HelpLink = 
Source = Microsoft.AspNetCore.Mvc.Razor.RuntimeCompilation
HResult = -2146233088
StackTrace =    at Microsoft.AspNetCore.Mvc.Razor.RuntimeCompilation.RuntimeViewCompiler.CompileAndEmit(RazorCodeDocument codeDocument, String generatedCode)
   at Microsoft.AspNetCore.Mvc.Razor.RuntimeCompilation.RuntimeViewCompiler.CompileAndEmit(String relativePath)
   at Microsoft.AspNetCore.Mvc.Razor.RuntimeCompilation.RuntimeViewCompiler.OnCacheMiss(String normalizedPath)
--- End of stack trace from previous location ---
   at Microsoft.AspNetCore.Mvc.Razor.Compilation.DefaultRazorPageFactoryProvider.CreateFactory(String relativePath)
   at Microsoft.AspNetCore.Mvc.Razor.RazorViewEngine.CreateCacheResult(HashSet`1 expirationTokens, String relativePath, Boolean isMainPage)
   at Microsoft.AspNetCore.Mvc.Razor.RazorViewEngine.OnCacheMiss(ViewLocationExpanderContext expanderContext, ViewLocationCacheKey cacheKey)
   at Microsoft.AspNetCore.Mvc.Razor.RazorViewEngine.LocatePageFromViewLocations(ActionContext actionContext, String pageName, Boolean isMainPage)
   at Microsoft.AspNetCore.Mvc.Razor.RazorViewEngine.FindPage(ActionContext context, String pageName)
   at Microsoft.AspNetCore.Mvc.Razor.RazorView.GetLayoutPage(ViewContext context, String executingFilePath, String layoutPath)
   at Microsoft.AspNetCore.Mvc.Razor.RazorView.RenderLayoutAsync(ViewContext context, ViewBufferTextWriter bodyWriter)
   at Microsoft.AspNetCore.Mvc.Razor.RazorView.RenderAsync(ViewContext context)
   at Microsoft.AspNetCore.Mvc.ViewFeatures.ViewExecutor.ExecuteAsync(ViewContext viewContext, String contentType, Nullable`1 statusCode)
   at Microsoft.AspNetCore.Mvc.ViewFeatures.ViewExecutor.ExecuteAsync(ViewContext viewContext, String contentType, Nullable`1 statusCode)
   at Microsoft.AspNetCore.Mvc.Infrastructure.ResourceInvoker.<InvokeNextResultFilterAsync>g__Awaited|30_0[TFilter,TFilterAsync](ResourceInvoker invoker, Task lastTask, State next, Scope scope, Object state, Boolean isCompleted)
   at Microsoft.AspNetCore.Mvc.Infrastructure.ResourceInvoker.Rethrow(ResultExecutedContextSealed context)
   at Microsoft.AspNetCore.Mvc.Infrastructure.ResourceInvoker.ResultNext[TFilter,TFilterAsync](State& next, Scope& scope, Object& state, Boolean& isCompleted)
   at Microsoft.AspNetCore.Mvc.Infrastructure.ResourceInvoker.<InvokeResultFilters>g__Awaited|28_0(ResourceInvoker invoker, Task lastTask, State next, Scope scope, Object state, Boolean isCompleted)
   at Microsoft.AspNetCore.Mvc.Infrastructure.ResourceInvoker.<InvokeNextResourceFilter>g__Awaited|25_0(ResourceInvoker invoker, Task lastTask, State next, Scope scope, Object state, Boolean isCompleted)
   at Microsoft.AspNetCore.Mvc.Infrastructure.ResourceInvoker.Rethrow(ResourceExecutedContextSealed context)
   at Microsoft.AspNetCore.Mvc.Infrastructure.ResourceInvoker.Next(State& next, Scope& scope, Object& state, Boolean& isCompleted)
   at Microsoft.AspNetCore.Mvc.Infrastructure.ResourceInvoker.<InvokeFilterPipelineAsync>g__Awaited|20_0(ResourceInvoker invoker, Task lastTask, State next, Scope scope, Object state, Boolean isCompleted)
   at Microsoft.AspNetCore.Mvc.Infrastructure.ResourceInvoker.<InvokeAsync>g__Awaited|17_0(ResourceInvoker invoker, Task task, IDisposable scope)
   at Microsoft.AspNetCore.Mvc.Infrastructure.ResourceInvoker.<InvokeAsync>g__Awaited|17_0(ResourceInvoker invoker, Task task, IDisposable scope)
   at Microsoft.AspNetCore.Routing.EndpointMiddleware.<Invoke>g__AwaitRequestTask|6_0(Endpoint endpoint, Task requestTask, ILogger logger)
   at Microsoft.AspNetCore.Localization.RequestLocalizationMiddleware.Invoke(HttpContext context)
   at LBPUnion.ProjectLighthouse.Middlewares.RequestLogMiddleware.InvokeAsync(HttpContext context) in B:\Development\CSharp\lbpfor.me\ProjectLighthouse\Middlewares\RequestLogMiddleware.cs:line 27
   at Microsoft.AspNetCore.Diagnostics.DeveloperExceptionPageMiddleware.Invoke(HttpContext context)
[Website] [Error] <DiagnosticsLoggerExtensions:UnhandledException> An unhandled exception has occurred while executing the request.
[Website] [Error] <DiagnosticsLoggerExtensions:UnhandledException> CompilationFailures = System.Collections.Generic.List`1[Microsoft.AspNetCore.Diagnostics.CompilationFailure]
TargetSite = System.Reflection.Assembly CompileAndEmit(Microsoft.AspNetCore.Razor.Language.RazorCodeDocument, System.String)
Message = One or more compilation failures occurred:
B:\Development\CSharp\lbpfor.me\ProjectLighthouse.Servers.Website\Pages\PasswordResetPage.cshtml(31,35): error CS0103: The name 'GeneralStrings' does not exist in the current context
Data = System.Collections.ListDictionaryInternal
InnerException = 
HelpLink = 
Source = Microsoft.AspNetCore.Mvc.Razor.RuntimeCompilation
HResult = -2146233088
StackTrace =    at Microsoft.AspNetCore.Mvc.Razor.RuntimeCompilation.RuntimeViewCompiler.CompileAndEmit(RazorCodeDocument codeDocument, String generatedCode)
   at Microsoft.AspNetCore.Mvc.Razor.RuntimeCompilation.RuntimeViewCompiler.CompileAndEmit(String relativePath)
   at Microsoft.AspNetCore.Mvc.Razor.RuntimeCompilation.RuntimeViewCompiler.OnCacheMiss(String normalizedPath)
--- End of stack trace from previous location ---
   at Microsoft.AspNetCore.Mvc.RazorPages.Infrastructure.DefaultPageLoader.LoadAsyncCore(PageActionDescriptor actionDescriptor, EndpointMetadataCollection endpointMetadata)
   at Microsoft.AspNetCore.Mvc.RazorPages.Infrastructure.PageLoaderMatcherPolicy.ApplyAsyncAwaited(PageLoader pageLoader, CandidateSet candidates, Task`1 actionDescriptorTask, Int32 index)
   at Microsoft.AspNetCore.Routing.Matching.DfaMatcher.SelectEndpointWithPoliciesAsync(HttpContext httpContext, IEndpointSelectorPolicy[] policies, CandidateSet candidateSet)
   at Microsoft.AspNetCore.Routing.EndpointRoutingMiddleware.<Invoke>g__AwaitMatch|8_1(EndpointRoutingMiddleware middleware, HttpContext httpContext, Task matchTask)
   at LBPUnion.ProjectLighthouse.Middlewares.RequestLogMiddleware.InvokeAsync(HttpContext context) in B:\Development\CSharp\lbpfor.me\ProjectLighthouse\Middlewares\RequestLogMiddleware.cs:line 27
   at Microsoft.AspNetCore.Diagnostics.DeveloperExceptionPageMiddleware.Invoke(HttpContext context)
[Website] [Error] <DiagnosticsLoggerExtensions:UnhandledException> An unhandled exception has occurred while executing the request.
[Website] [Error] <DiagnosticsLoggerExtensions:UnhandledException> CompilationFailures = System.Collections.Generic.List`1[Microsoft.AspNetCore.Diagnostics.CompilationFailure]
TargetSite = System.Reflection.Assembly CompileAndEmit(Microsoft.AspNetCore.Razor.Language.RazorCodeDocument, System.String)
Message = One or more compilation failures occurred:
B:\Development\CSharp\lbpfor.me\ProjectLighthouse.Servers.Website\Pages\ExternalAuth\AuthenticationPage.cshtml(75,9): error CS1525: Invalid expression term ')'
Data = System.Collections.ListDictionaryInternal
InnerException = 
HelpLink = 
Source = Microsoft.AspNetCore.Mvc.Razor.RuntimeCompilation
HResult = -2146233088
StackTrace =    at Microsoft.AspNetCore.Mvc.Razor.RuntimeCompilation.RuntimeViewCompiler.CompileAndEmit(RazorCodeDocument codeDocument, String generatedCode)
   at Microsoft.AspNetCore.Mvc.Razor.RuntimeCompilation.RuntimeViewCompiler.CompileAndEmit(String relativePath)
   at Microsoft.AspNetCore.Mvc.Razor.RuntimeCompilation.RuntimeViewCompiler.OnCacheMiss(String normalizedPath)
--- End of stack trace from previous location ---
   at Microsoft.AspNetCore.Mvc.RazorPages.Infrastructure.DefaultPageLoader.LoadAsyncCore(PageActionDescriptor actionDescriptor, EndpointMetadataCollection endpointMetadata)
   at Microsoft.AspNetCore.Mvc.RazorPages.Infrastructure.PageLoaderMatcherPolicy.ApplyAsyncAwaited(PageLoader pageLoader, CandidateSet candidates, Task`1 actionDescriptorTask, Int32 index)
   at Microsoft.AspNetCore.Routing.Matching.DfaMatcher.SelectEndpointWithPoliciesAsync(HttpContext httpContext, IEndpointSelectorPolicy[] policies, CandidateSet candidateSet)
   at Microsoft.AspNetCore.Routing.EndpointRoutingMiddleware.<Invoke>g__AwaitMatch|8_1(EndpointRoutingMiddleware middleware, HttpContext httpContext, Task matchTask)
   at LBPUnion.ProjectLighthouse.Middlewares.RequestLogMiddleware.InvokeAsync(HttpContext context) in B:\Development\CSharp\lbpfor.me\ProjectLighthouse\Middlewares\RequestLogMiddleware.cs:line 27
   at Microsoft.AspNetCore.Diagnostics.DeveloperExceptionPageMiddleware.Invoke(HttpContext context)
[Website] [Error] <DiagnosticsLoggerExtensions:UnhandledException> An unhandled exception has occurred while executing the request.
[Website] [Error] <DiagnosticsLoggerExtensions:UnhandledException> CompilationFailures = System.Collections.Generic.List`1[Microsoft.AspNetCore.Diagnostics.CompilationFailure]
TargetSite = System.Reflection.Assembly CompileAndEmit(Microsoft.AspNetCore.Razor.Language.RazorCodeDocument, System.String)
Message = One or more compilation failures occurred:
B:\Development\CSharp\lbpfor.me\ProjectLighthouse.Servers.Website\Pages\SlotPage.cshtml(106,179): error CS0103: The name 'size' does not exist in the current context
B:\Development\CSharp\lbpfor.me\ProjectLighthouse.Servers.Website\Pages\SlotPage.cshtml(106,197): error CS0103: The name 'size' does not exist in the current context
B:\Development\CSharp\lbpfor.me\ProjectLighthouse.Servers.Website\Pages\SlotPage.cshtml(106,216): error CS0103: The name 'size' does not exist in the current context
Data = System.Collections.ListDictionaryInternal
InnerException = 
HelpLink = 
Source = Microsoft.AspNetCore.Mvc.Razor.RuntimeCompilation
HResult = -2146233088
StackTrace =    at Microsoft.AspNetCore.Mvc.Razor.RuntimeCompilation.RuntimeViewCompiler.CompileAndEmit(RazorCodeDocument codeDocument, String generatedCode)
   at Microsoft.AspNetCore.Mvc.Razor.RuntimeCompilation.RuntimeViewCompiler.CompileAndEmit(String relativePath)
   at Microsoft.AspNetCore.Mvc.Razor.RuntimeCompilation.RuntimeViewCompiler.OnCacheMiss(String normalizedPath)
--- End of stack trace from previous location ---
   at Microsoft.AspNetCore.Mvc.RazorPages.Infrastructure.DefaultPageLoader.LoadAsyncCore(PageActionDescriptor actionDescriptor, EndpointMetadataCollection endpointMetadata)
   at Microsoft.AspNetCore.Mvc.RazorPages.Infrastructure.PageLoaderMatcherPolicy.ApplyAsyncAwaited(PageLoader pageLoader, CandidateSet candidates, Task`1 actionDescriptorTask, Int32 index)
   at Microsoft.AspNetCore.Routing.Matching.DfaMatcher.SelectEndpointWithPoliciesAsync(HttpContext httpContext, IEndpointSelectorPolicy[] policies, CandidateSet candidateSet)
   at Microsoft.AspNetCore.Routing.EndpointRoutingMiddleware.<Invoke>g__AwaitMatch|8_1(EndpointRoutingMiddleware middleware, HttpContext httpContext, Task matchTask)
   at LBPUnion.ProjectLighthouse.Middlewares.RequestLogMiddleware.InvokeAsync(HttpContext context) in B:\Development\CSharp\lbpfor.me\ProjectLighthouse\Middlewares\RequestLogMiddleware.cs:line 27
   at Microsoft.AspNetCore.Diagnostics.DeveloperExceptionPageMiddleware.Invoke(HttpContext context)
[Website] [Error] <DiagnosticsLoggerExtensions:UnhandledException> An unhandled exception has occurred while executing the request.
[Website] [Error] <DiagnosticsLoggerExtensions:UnhandledException> TypeName = LBPUnion.ProjectLighthouse.Helpers.WebhookHelper
TargetSite = System.Threading.Tasks.Task SendWebhook(System.String, System.String, WebhookDestination)
Message = The type initializer for 'LBPUnion.ProjectLighthouse.Helpers.WebhookHelper' threw an exception.
Data = System.Collections.ListDictionaryInternal
InnerException = System.ArgumentNullException: The given webhook Url cannot be null or whitespace. (Parameter 'webhookUrl')
   at Discord.Webhook.DiscordWebhookClient.ParseWebhookUrl(String webhookUrl, UInt64& webhookId, String& webhookToken)
   at Discord.Webhook.DiscordWebhookClient..ctor(String webhookUrl, DiscordRestConfig config)
   at Discord.Webhook.DiscordWebhookClient..ctor(String webhookUrl)
   at LBPUnion.ProjectLighthouse.Helpers.WebhookHelper..cctor() in B:\Development\CSharp\lbpfor.me\ProjectLighthouse\Helpers\WebhookHelper.cs:line 30
HelpLink = 
Source = LBPUnion.ProjectLighthouse
HResult = -2146233036
StackTrace =    at LBPUnion.ProjectLighthouse.Helpers.WebhookHelper.SendWebhook(String title, String description, WebhookDestination dest) in B:\Development\CSharp\lbpfor.me\ProjectLighthouse\Helpers\WebhookHelper.cs:line 60
   at LBPUnion.ProjectLighthouse.Administration.Maintenance.Commands.TestWebhookCommand.Run(String[] args, Logger logger) in B:\Development\CSharp\lbpfor.me\ProjectLighthouse\Administration\Maintenance\Commands\TestWebhookCommand.cs:line 11
   at LBPUnion.ProjectLighthouse.Administration.Maintenance.MaintenanceHelper.RunCommand(String[] args) in B:\Development\CSharp\lbpfor.me\ProjectLighthouse\Administration\Maintenance\MaintenanceHelper.cs:line 48
   at LBPUnion.ProjectLighthouse.Servers.Website.Pages.Admin.AdminPanelPage.OnGet(String args, String command, String maintenanceJob, String log) in B:\Development\CSharp\lbpfor.me\ProjectLighthouse.Servers.Website\Pages\Admin\AdminPanelPage.cshtml.cs:line 42
   at Microsoft.AspNetCore.Mvc.RazorPages.Infrastructure.ExecutorFactory.GenericTaskHandlerMethod.Convert[T](Object taskAsObject)
   at Microsoft.AspNetCore.Mvc.RazorPages.Infrastructure.ExecutorFactory.GenericTaskHandlerMethod.Execute(Object receiver, Object[] arguments)
   at Microsoft.AspNetCore.Mvc.RazorPages.Infrastructure.PageActionInvoker.InvokeHandlerMethodAsync()
   at Microsoft.AspNetCore.Mvc.RazorPages.Infrastructure.PageActionInvoker.InvokeNextPageFilterAsync()
   at Microsoft.AspNetCore.Mvc.RazorPages.Infrastructure.PageActionInvoker.Rethrow(PageHandlerExecutedContext context)
   at Microsoft.AspNetCore.Mvc.RazorPages.Infrastructure.PageActionInvoker.Next(State& next, Scope& scope, Object& state, Boolean& isCompleted)
   at Microsoft.AspNetCore.Mvc.RazorPages.Infrastructure.PageActionInvoker.InvokeInnerFilterAsync()
   at Microsoft.AspNetCore.Mvc.Infrastructure.ResourceInvoker.<InvokeNextResourceFilter>g__Awaited|25_0(ResourceInvoker invoker, Task lastTask, State next, Scope scope, Object state, Boolean isCompleted)
   at Microsoft.AspNetCore.Mvc.Infrastructure.ResourceInvoker.Rethrow(ResourceExecutedContextSealed context)
   at Microsoft.AspNetCore.Mvc.Infrastructure.ResourceInvoker.Next(State& next, Scope& scope, Object& state, Boolean& isCompleted)
   at Microsoft.AspNetCore.Mvc.Infrastructure.ResourceInvoker.<InvokeFilterPipelineAsync>g__Awaited|20_0(ResourceInvoker invoker, Task lastTask, State next, Scope scope, Object state, Boolean isCompleted)
   at Microsoft.AspNetCore.Mvc.Infrastructure.ResourceInvoker.<InvokeAsync>g__Awaited|17_0(ResourceInvoker invoker, Task task, IDisposable scope)
   at Microsoft.AspNetCore.Mvc.Infrastructure.ResourceInvoker.<InvokeAsync>g__Awaited|17_0(ResourceInvoker invoker, Task task, IDisposable scope)
   at Microsoft.AspNetCore.Routing.EndpointMiddleware.<Invoke>g__AwaitRequestTask|6_0(Endpoint endpoint, Task requestTask, ILogger logger)
   at Microsoft.AspNetCore.Localization.RequestLocalizationMiddleware.Invoke(HttpContext context)
   at LBPUnion.ProjectLighthouse.Middlewares.RequestLogMiddleware.InvokeAsync(HttpContext context) in B:\Development\CSharp\lbpfor.me\ProjectLighthouse\Middlewares\RequestLogMiddleware.cs:line 27
   at Microsoft.AspNetCore.Diagnostics.DeveloperExceptionPageMiddleware.Invoke(HttpContext context)
[Website] [Error] <DiagnosticsLoggerExtensions:UnhandledException> An unhandled exception has occurred while executing the request.
[Website] [Error] <DiagnosticsLoggerExtensions:UnhandledException> TypeName = LBPUnion.ProjectLighthouse.Helpers.WebhookHelper
TargetSite = System.Threading.Tasks.Task SendWebhook(System.String, System.String, WebhookDestination)
Message = The type initializer for 'LBPUnion.ProjectLighthouse.Helpers.WebhookHelper' threw an exception.
Data = System.Collections.ListDictionaryInternal
InnerException = System.ArgumentNullException: The given webhook Url cannot be null or whitespace. (Parameter 'webhookUrl')
   at Discord.Webhook.DiscordWebhookClient.ParseWebhookUrl(String webhookUrl, UInt64& webhookId, String& webhookToken)
   at Discord.Webhook.DiscordWebhookClient..ctor(String webhookUrl, DiscordRestConfig config)
   at Discord.Webhook.DiscordWebhookClient..ctor(String webhookUrl)
   at LBPUnion.ProjectLighthouse.Helpers.WebhookHelper..cctor() in B:\Development\CSharp\lbpfor.me\ProjectLighthouse\Helpers\WebhookHelper.cs:line 30
HelpLink = 
Source = LBPUnion.ProjectLighthouse
HResult = -2146233036
StackTrace =    at LBPUnion.ProjectLighthouse.Helpers.WebhookHelper.SendWebhook(String title, String description, WebhookDestination dest) in B:\Development\CSharp\lbpfor.me\ProjectLighthouse\Helpers\WebhookHelper.cs:line 60
   at LBPUnion.ProjectLighthouse.Administration.Maintenance.Commands.TestWebhookCommand.Run(String[] args, Logger logger) in B:\Development\CSharp\lbpfor.me\ProjectLighthouse\Administration\Maintenance\Commands\TestWebhookCommand.cs:line 11
   at LBPUnion.ProjectLighthouse.Administration.Maintenance.MaintenanceHelper.RunCommand(String[] args) in B:\Development\CSharp\lbpfor.me\ProjectLighthouse\Administration\Maintenance\MaintenanceHelper.cs:line 48
   at LBPUnion.ProjectLighthouse.Servers.Website.Pages.Admin.AdminPanelPage.OnGet(String args, String command, String maintenanceJob, String log) in B:\Development\CSharp\lbpfor.me\ProjectLighthouse.Servers.Website\Pages\Admin\AdminPanelPage.cshtml.cs:line 42
   at Microsoft.AspNetCore.Mvc.RazorPages.Infrastructure.ExecutorFactory.GenericTaskHandlerMethod.Convert[T](Object taskAsObject)
   at Microsoft.AspNetCore.Mvc.RazorPages.Infrastructure.ExecutorFactory.GenericTaskHandlerMethod.Execute(Object receiver, Object[] arguments)
   at Microsoft.AspNetCore.Mvc.RazorPages.Infrastructure.PageActionInvoker.InvokeHandlerMethodAsync()
   at Microsoft.AspNetCore.Mvc.RazorPages.Infrastructure.PageActionInvoker.InvokeNextPageFilterAsync()
   at Microsoft.AspNetCore.Mvc.RazorPages.Infrastructure.PageActionInvoker.Rethrow(PageHandlerExecutedContext context)
   at Microsoft.AspNetCore.Mvc.RazorPages.Infrastructure.PageActionInvoker.Next(State& next, Scope& scope, Object& state, Boolean& isCompleted)
   at Microsoft.AspNetCore.Mvc.RazorPages.Infrastructure.PageActionInvoker.InvokeInnerFilterAsync()
   at Microsoft.AspNetCore.Mvc.Infrastructure.ResourceInvoker.<InvokeNextResourceFilter>g__Awaited|25_0(ResourceInvoker invoker, Task lastTask, State next, Scope scope, Object state, Boolean isCompleted)
   at Microsoft.AspNetCore.Mvc.Infrastructure.ResourceInvoker.Rethrow(ResourceExecutedContextSealed context)
   at Microsoft.AspNetCore.Mvc.Infrastructure.ResourceInvoker.Next(State& next, Scope& scope, Object& state, Boolean& isCompleted)
   at Microsoft.AspNetCore.Mvc.Infrastructure.ResourceInvoker.<InvokeFilterPipelineAsync>g__Awaited|20_0(ResourceInvoker invoker, Task lastTask, State next, Scope scope, Object state, Boolean isCompleted)
   at Microsoft.AspNetCore.Mvc.Infrastructure.ResourceInvoker.<InvokeAsync>g__Awaited|17_0(ResourceInvoker invoker, Task task, IDisposable scope)
   at Microsoft.AspNetCore.Mvc.Infrastructure.ResourceInvoker.<InvokeAsync>g__Awaited|17_0(ResourceInvoker invoker, Task task, IDisposable scope)
   at Microsoft.AspNetCore.Routing.EndpointMiddleware.<Invoke>g__AwaitRequestTask|6_0(Endpoint endpoint, Task requestTask, ILogger logger)
   at Microsoft.AspNetCore.Localization.RequestLocalizationMiddleware.Invoke(HttpContext context)
   at LBPUnion.ProjectLighthouse.Middlewares.RequestLogMiddleware.InvokeAsync(HttpContext context) in B:\Development\CSharp\lbpfor.me\ProjectLighthouse\Middlewares\RequestLogMiddleware.cs:line 27
   at Microsoft.AspNetCore.Diagnostics.DeveloperExceptionPageMiddleware.Invoke(HttpContext context)
[Website] [Error] <DiagnosticsLoggerExtensions:UnhandledException> An unhandled exception has occurred while executing the request.
[Website] [Error] <DiagnosticsLoggerExtensions:UnhandledException> TypeName = LBPUnion.ProjectLighthouse.Helpers.WebhookHelper
TargetSite = System.Threading.Tasks.Task SendWebhook(System.String, System.String, WebhookDestination)
Message = The type initializer for 'LBPUnion.ProjectLighthouse.Helpers.WebhookHelper' threw an exception.
Data = System.Collections.ListDictionaryInternal
InnerException = System.ArgumentNullException: The given webhook Url cannot be null or whitespace. (Parameter 'webhookUrl')
   at Discord.Webhook.DiscordWebhookClient.ParseWebhookUrl(String webhookUrl, UInt64& webhookId, String& webhookToken)
   at Discord.Webhook.DiscordWebhookClient..ctor(String webhookUrl, DiscordRestConfig config)
   at Discord.Webhook.DiscordWebhookClient..ctor(String webhookUrl)
   at LBPUnion.ProjectLighthouse.Helpers.WebhookHelper..cctor() in B:\Development\CSharp\lbpfor.me\ProjectLighthouse\Helpers\WebhookHelper.cs:line 30
HelpLink = 
Source = LBPUnion.ProjectLighthouse
HResult = -2146233036
StackTrace =    at LBPUnion.ProjectLighthouse.Helpers.WebhookHelper.SendWebhook(String title, String description, WebhookDestination dest) in B:\Development\CSharp\lbpfor.me\ProjectLighthouse\Helpers\WebhookHelper.cs:line 60
   at LBPUnion.ProjectLighthouse.Administration.Maintenance.Commands.TestWebhookCommand.Run(String[] args, Logger logger) in B:\Development\CSharp\lbpfor.me\ProjectLighthouse\Administration\Maintenance\Commands\TestWebhookCommand.cs:line 11
   at LBPUnion.ProjectLighthouse.Administration.Maintenance.MaintenanceHelper.RunCommand(String[] args) in B:\Development\CSharp\lbpfor.me\ProjectLighthouse\Administration\Maintenance\MaintenanceHelper.cs:line 48
   at LBPUnion.ProjectLighthouse.Servers.Website.Pages.Admin.AdminPanelPage.OnGet(String args, String command, String maintenanceJob, String log) in B:\Development\CSharp\lbpfor.me\ProjectLighthouse.Servers.Website\Pages\Admin\AdminPanelPage.cshtml.cs:line 42
   at Microsoft.AspNetCore.Mvc.RazorPages.Infrastructure.ExecutorFactory.GenericTaskHandlerMethod.Convert[T](Object taskAsObject)
   at Microsoft.AspNetCore.Mvc.RazorPages.Infrastructure.ExecutorFactory.GenericTaskHandlerMethod.Execute(Object receiver, Object[] arguments)
   at Microsoft.AspNetCore.Mvc.RazorPages.Infrastructure.PageActionInvoker.InvokeHandlerMethodAsync()
   at Microsoft.AspNetCore.Mvc.RazorPages.Infrastructure.PageActionInvoker.InvokeNextPageFilterAsync()
   at Microsoft.AspNetCore.Mvc.RazorPages.Infrastructure.PageActionInvoker.Rethrow(PageHandlerExecutedContext context)
   at Microsoft.AspNetCore.Mvc.RazorPages.Infrastructure.PageActionInvoker.Next(State& next, Scope& scope, Object& state, Boolean& isCompleted)
   at Microsoft.AspNetCore.Mvc.RazorPages.Infrastructure.PageActionInvoker.InvokeInnerFilterAsync()
   at Microsoft.AspNetCore.Mvc.Infrastructure.ResourceInvoker.<InvokeNextResourceFilter>g__Awaited|25_0(ResourceInvoker invoker, Task lastTask, State next, Scope scope, Object state, Boolean isCompleted)
   at Microsoft.AspNetCore.Mvc.Infrastructure.ResourceInvoker.Rethrow(ResourceExecutedContextSealed context)
   at Microsoft.AspNetCore.Mvc.Infrastructure.ResourceInvoker.Next(State& next, Scope& scope, Object& state, Boolean& isCompleted)
   at Microsoft.AspNetCore.Mvc.Infrastructure.ResourceInvoker.<InvokeFilterPipelineAsync>g__Awaited|20_0(ResourceInvoker invoker, Task lastTask, State next, Scope scope, Object state, Boolean isCompleted)
   at Microsoft.AspNetCore.Mvc.Infrastructure.ResourceInvoker.<InvokeAsync>g__Awaited|17_0(ResourceInvoker invoker, Task task, IDisposable scope)
   at Microsoft.AspNetCore.Mvc.Infrastructure.ResourceInvoker.<InvokeAsync>g__Awaited|17_0(ResourceInvoker invoker, Task task, IDisposable scope)
   at Microsoft.AspNetCore.Routing.EndpointMiddleware.<Invoke>g__AwaitRequestTask|6_0(Endpoint endpoint, Task requestTask, ILogger logger)
   at Microsoft.AspNetCore.Localization.RequestLocalizationMiddleware.Invoke(HttpContext context)
   at LBPUnion.ProjectLighthouse.Middlewares.RequestLogMiddleware.InvokeAsync(HttpContext context) in B:\Development\CSharp\lbpfor.me\ProjectLighthouse\Middlewares\RequestLogMiddleware.cs:line 27
   at Microsoft.AspNetCore.Diagnostics.DeveloperExceptionPageMiddleware.Invoke(HttpContext context)
[Website] [Error] <DiagnosticsLoggerExtensions:UnhandledException> An unhandled exception has occurred while executing the request.
[Website] [Error] <DiagnosticsLoggerExtensions:UnhandledException> TypeName = LBPUnion.ProjectLighthouse.Helpers.WebhookHelper
TargetSite = System.Threading.Tasks.Task SendWebhook(System.String, System.String, WebhookDestination)
Message = The type initializer for 'LBPUnion.ProjectLighthouse.Helpers.WebhookHelper' threw an exception.
Data = System.Collections.ListDictionaryInternal
InnerException = System.ArgumentNullException: The given webhook Url cannot be null or whitespace. (Parameter 'webhookUrl')
   at Discord.Webhook.DiscordWebhookClient.ParseWebhookUrl(String webhookUrl, UInt64& webhookId, String& webhookToken)
   at Discord.Webhook.DiscordWebhookClient..ctor(String webhookUrl, DiscordRestConfig config)
   at Discord.Webhook.DiscordWebhookClient..ctor(String webhookUrl)
   at LBPUnion.ProjectLighthouse.Helpers.WebhookHelper..cctor() in B:\Development\CSharp\lbpfor.me\ProjectLighthouse\Helpers\WebhookHelper.cs:line 30
HelpLink = 
Source = LBPUnion.ProjectLighthouse
HResult = -2146233036
StackTrace =    at LBPUnion.ProjectLighthouse.Helpers.WebhookHelper.SendWebhook(String title, String description, WebhookDestination dest) in B:\Development\CSharp\lbpfor.me\ProjectLighthouse\Helpers\WebhookHelper.cs:line 60
   at LBPUnion.ProjectLighthouse.Administration.Maintenance.Commands.TestWebhookCommand.Run(String[] args, Logger logger) in B:\Development\CSharp\lbpfor.me\ProjectLighthouse\Administration\Maintenance\Commands\TestWebhookCommand.cs:line 11
   at LBPUnion.ProjectLighthouse.Administration.Maintenance.MaintenanceHelper.RunCommand(String[] args) in B:\Development\CSharp\lbpfor.me\ProjectLighthouse\Administration\Maintenance\MaintenanceHelper.cs:line 48
   at LBPUnion.ProjectLighthouse.Servers.Website.Pages.Admin.AdminPanelPage.OnGet(String args, String command, String maintenanceJob, String log) in B:\Development\CSharp\lbpfor.me\ProjectLighthouse.Servers.Website\Pages\Admin\AdminPanelPage.cshtml.cs:line 42
   at Microsoft.AspNetCore.Mvc.RazorPages.Infrastructure.ExecutorFactory.GenericTaskHandlerMethod.Convert[T](Object taskAsObject)
   at Microsoft.AspNetCore.Mvc.RazorPages.Infrastructure.ExecutorFactory.GenericTaskHandlerMethod.Execute(Object receiver, Object[] arguments)
   at Microsoft.AspNetCore.Mvc.RazorPages.Infrastructure.PageActionInvoker.InvokeHandlerMethodAsync()
   at Microsoft.AspNetCore.Mvc.RazorPages.Infrastructure.PageActionInvoker.InvokeNextPageFilterAsync()
   at Microsoft.AspNetCore.Mvc.RazorPages.Infrastructure.PageActionInvoker.Rethrow(PageHandlerExecutedContext context)
   at Microsoft.AspNetCore.Mvc.RazorPages.Infrastructure.PageActionInvoker.Next(State& next, Scope& scope, Object& state, Boolean& isCompleted)
   at Microsoft.AspNetCore.Mvc.RazorPages.Infrastructure.PageActionInvoker.InvokeInnerFilterAsync()
   at Microsoft.AspNetCore.Mvc.Infrastructure.ResourceInvoker.<InvokeNextResourceFilter>g__Awaited|25_0(ResourceInvoker invoker, Task lastTask, State next, Scope scope, Object state, Boolean isCompleted)
   at Microsoft.AspNetCore.Mvc.Infrastructure.ResourceInvoker.Rethrow(ResourceExecutedContextSealed context)
   at Microsoft.AspNetCore.Mvc.Infrastructure.ResourceInvoker.Next(State& next, Scope& scope, Object& state, Boolean& isCompleted)
   at Microsoft.AspNetCore.Mvc.Infrastructure.ResourceInvoker.<InvokeFilterPipelineAsync>g__Awaited|20_0(ResourceInvoker invoker, Task lastTask, State next, Scope scope, Object state, Boolean isCompleted)
   at Microsoft.AspNetCore.Mvc.Infrastructure.ResourceInvoker.<InvokeAsync>g__Awaited|17_0(ResourceInvoker invoker, Task task, IDisposable scope)
   at Microsoft.AspNetCore.Mvc.Infrastructure.ResourceInvoker.<InvokeAsync>g__Awaited|17_0(ResourceInvoker invoker, Task task, IDisposable scope)
   at Microsoft.AspNetCore.Routing.EndpointMiddleware.<Invoke>g__AwaitRequestTask|6_0(Endpoint endpoint, Task requestTask, ILogger logger)
   at Microsoft.AspNetCore.Localization.RequestLocalizationMiddleware.Invoke(HttpContext context)
   at LBPUnion.ProjectLighthouse.Middlewares.RequestLogMiddleware.InvokeAsync(HttpContext context) in B:\Development\CSharp\lbpfor.me\ProjectLighthouse\Middlewares\RequestLogMiddleware.cs:line 27
   at Microsoft.AspNetCore.Diagnostics.DeveloperExceptionPageMiddleware.Invoke(HttpContext context)
[Website] [Error] <DiagnosticsLoggerExtensions:UnhandledException> An unhandled exception has occurred while executing the request.
[Website] [Error] <DiagnosticsLoggerExtensions:UnhandledException> TypeName = LBPUnion.ProjectLighthouse.Helpers.WebhookHelper
TargetSite = System.Threading.Tasks.Task SendWebhook(System.String, System.String, WebhookDestination)
Message = The type initializer for 'LBPUnion.ProjectLighthouse.Helpers.WebhookHelper' threw an exception.
Data = System.Collections.ListDictionaryInternal
InnerException = System.ArgumentNullException: The given webhook Url cannot be null or whitespace. (Parameter 'webhookUrl')
   at Discord.Webhook.DiscordWebhookClient.ParseWebhookUrl(String webhookUrl, UInt64& webhookId, String& webhookToken)
   at Discord.Webhook.DiscordWebhookClient..ctor(String webhookUrl, DiscordRestConfig config)
   at Discord.Webhook.DiscordWebhookClient..ctor(String webhookUrl)
   at LBPUnion.ProjectLighthouse.Helpers.WebhookHelper..cctor() in B:\Development\CSharp\lbpfor.me\ProjectLighthouse\Helpers\WebhookHelper.cs:line 30
HelpLink = 
Source = LBPUnion.ProjectLighthouse
HResult = -2146233036
StackTrace =    at LBPUnion.ProjectLighthouse.Helpers.WebhookHelper.SendWebhook(String title, String description, WebhookDestination dest) in B:\Development\CSharp\lbpfor.me\ProjectLighthouse\Helpers\WebhookHelper.cs:line 60
   at LBPUnion.ProjectLighthouse.Administration.Maintenance.Commands.TestWebhookCommand.Run(String[] args, Logger logger) in B:\Development\CSharp\lbpfor.me\ProjectLighthouse\Administration\Maintenance\Commands\TestWebhookCommand.cs:line 11
   at LBPUnion.ProjectLighthouse.Administration.Maintenance.MaintenanceHelper.RunCommand(String[] args) in B:\Development\CSharp\lbpfor.me\ProjectLighthouse\Administration\Maintenance\MaintenanceHelper.cs:line 48
   at LBPUnion.ProjectLighthouse.Servers.Website.Pages.Admin.AdminPanelPage.OnGet(String args, String command, String maintenanceJob, String log) in B:\Development\CSharp\lbpfor.me\ProjectLighthouse.Servers.Website\Pages\Admin\AdminPanelPage.cshtml.cs:line 42
   at Microsoft.AspNetCore.Mvc.RazorPages.Infrastructure.ExecutorFactory.GenericTaskHandlerMethod.Convert[T](Object taskAsObject)
   at Microsoft.AspNetCore.Mvc.RazorPages.Infrastructure.ExecutorFactory.GenericTaskHandlerMethod.Execute(Object receiver, Object[] arguments)
   at Microsoft.AspNetCore.Mvc.RazorPages.Infrastructure.PageActionInvoker.InvokeHandlerMethodAsync()
   at Microsoft.AspNetCore.Mvc.RazorPages.Infrastructure.PageActionInvoker.InvokeNextPageFilterAsync()
   at Microsoft.AspNetCore.Mvc.RazorPages.Infrastructure.PageActionInvoker.Rethrow(PageHandlerExecutedContext context)
   at Microsoft.AspNetCore.Mvc.RazorPages.Infrastructure.PageActionInvoker.Next(State& next, Scope& scope, Object& state, Boolean& isCompleted)
   at Microsoft.AspNetCore.Mvc.RazorPages.Infrastructure.PageActionInvoker.InvokeInnerFilterAsync()
   at Microsoft.AspNetCore.Mvc.Infrastructure.ResourceInvoker.<InvokeNextResourceFilter>g__Awaited|25_0(ResourceInvoker invoker, Task lastTask, State next, Scope scope, Object state, Boolean isCompleted)
   at Microsoft.AspNetCore.Mvc.Infrastructure.ResourceInvoker.Rethrow(ResourceExecutedContextSealed context)
   at Microsoft.AspNetCore.Mvc.Infrastructure.ResourceInvoker.Next(State& next, Scope& scope, Object& state, Boolean& isCompleted)
   at Microsoft.AspNetCore.Mvc.Infrastructure.ResourceInvoker.<InvokeFilterPipelineAsync>g__Awaited|20_0(ResourceInvoker invoker, Task lastTask, State next, Scope scope, Object state, Boolean isCompleted)
   at Microsoft.AspNetCore.Mvc.Infrastructure.ResourceInvoker.<InvokeAsync>g__Awaited|17_0(ResourceInvoker invoker, Task task, IDisposable scope)
   at Microsoft.AspNetCore.Mvc.Infrastructure.ResourceInvoker.<InvokeAsync>g__Awaited|17_0(ResourceInvoker invoker, Task task, IDisposable scope)
   at Microsoft.AspNetCore.Routing.EndpointMiddleware.<Invoke>g__AwaitRequestTask|6_0(Endpoint endpoint, Task requestTask, ILogger logger)
   at Microsoft.AspNetCore.Localization.RequestLocalizationMiddleware.Invoke(HttpContext context)
   at LBPUnion.ProjectLighthouse.Middlewares.RequestLogMiddleware.InvokeAsync(HttpContext context) in B:\Development\CSharp\lbpfor.me\ProjectLighthouse\Middlewares\RequestLogMiddleware.cs:line 27
   at Microsoft.AspNetCore.Diagnostics.DeveloperExceptionPageMiddleware.Invoke(HttpContext context)
[Website] [Error] <DiagnosticsLoggerExtensions:UnhandledException> An unhandled exception has occurred while executing the request.
[Website] [Error] <DiagnosticsLoggerExtensions:UnhandledException> CompilationFailures = System.Collections.Generic.List`1[Microsoft.AspNetCore.Diagnostics.CompilationFailure]
TargetSite = System.Reflection.Assembly CompileAndEmit(Microsoft.AspNetCore.Razor.Language.RazorCodeDocument, System.String)
Message = One or more compilation failures occurred:
B:\Development\CSharp\lbpfor.me\ProjectLighthouse.Servers.Website\Pages\Partials\PhotoPartial.cshtml(56,52): error CS0103: The name 'subjects' does not exist in the current context
Data = System.Collections.ListDictionaryInternal
InnerException = 
HelpLink = 
Source = Microsoft.AspNetCore.Mvc.Razor.RuntimeCompilation
HResult = -2146233088
StackTrace =    at Microsoft.AspNetCore.Mvc.Razor.RuntimeCompilation.RuntimeViewCompiler.CompileAndEmit(RazorCodeDocument codeDocument, String generatedCode)
   at Microsoft.AspNetCore.Mvc.Razor.RuntimeCompilation.RuntimeViewCompiler.CompileAndEmit(String relativePath)
   at Microsoft.AspNetCore.Mvc.Razor.RuntimeCompilation.RuntimeViewCompiler.OnCacheMiss(String normalizedPath)
--- End of stack trace from previous location ---
   at Microsoft.AspNetCore.Mvc.Razor.Compilation.DefaultRazorPageFactoryProvider.CreateFactory(String relativePath)
   at Microsoft.AspNetCore.Mvc.Razor.RazorViewEngine.CreateCacheResult(HashSet`1 expirationTokens, String relativePath, Boolean isMainPage)
   at Microsoft.AspNetCore.Mvc.Razor.RazorViewEngine.OnCacheMiss(ViewLocationExpanderContext expanderContext, ViewLocationCacheKey cacheKey)
   at Microsoft.AspNetCore.Mvc.Razor.RazorViewEngine.LocatePageFromViewLocations(ActionContext actionContext, String pageName, Boolean isMainPage)
   at Microsoft.AspNetCore.Mvc.Razor.RazorViewEngine.FindView(ActionContext context, String viewName, Boolean isMainPage)
   at Microsoft.AspNetCore.Mvc.ViewEngines.CompositeViewEngine.FindView(ActionContext context, String viewName, Boolean isMainPage)
   at Microsoft.AspNetCore.Mvc.ViewFeatures.HtmlHelper.RenderPartialCoreAsync(String partialViewName, Object model, ViewDataDictionary viewData, TextWriter writer)
   at Microsoft.AspNetCore.Mvc.ViewFeatures.HtmlHelper.PartialAsync(String partialViewName, Object model, ViewDataDictionary viewData)
   at AspNetCore.Pages_UserPage.ExecuteAsync() in B:\Development\CSharp\lbpfor.me\ProjectLighthouse.Servers.Website\Pages\UserPage.cshtml:line 113
   at Microsoft.AspNetCore.Mvc.Razor.RazorView.RenderPageCoreAsync(IRazorPage page, ViewContext context)
   at Microsoft.AspNetCore.Mvc.Razor.RazorView.RenderPageAsync(IRazorPage page, ViewContext context, Boolean invokeViewStarts)
   at Microsoft.AspNetCore.Mvc.Razor.RazorView.RenderAsync(ViewContext context)
   at Microsoft.AspNetCore.Mvc.ViewFeatures.ViewExecutor.ExecuteAsync(ViewContext viewContext, String contentType, Nullable`1 statusCode)
   at Microsoft.AspNetCore.Mvc.ViewFeatures.ViewExecutor.ExecuteAsync(ViewContext viewContext, String contentType, Nullable`1 statusCode)
   at Microsoft.AspNetCore.Mvc.Infrastructure.ResourceInvoker.<InvokeNextResultFilterAsync>g__Awaited|30_0[TFilter,TFilterAsync](ResourceInvoker invoker, Task lastTask, State next, Scope scope, Object state, Boolean isCompleted)
   at Microsoft.AspNetCore.Mvc.Infrastructure.ResourceInvoker.Rethrow(ResultExecutedContextSealed context)
   at Microsoft.AspNetCore.Mvc.Infrastructure.ResourceInvoker.ResultNext[TFilter,TFilterAsync](State& next, Scope& scope, Object& state, Boolean& isCompleted)
   at Microsoft.AspNetCore.Mvc.Infrastructure.ResourceInvoker.InvokeResultFilters()
--- End of stack trace from previous location ---
   at Microsoft.AspNetCore.Mvc.Infrastructure.ResourceInvoker.<InvokeNextResourceFilter>g__Awaited|25_0(ResourceInvoker invoker, Task lastTask, State next, Scope scope, Object state, Boolean isCompleted)
   at Microsoft.AspNetCore.Mvc.Infrastructure.ResourceInvoker.Rethrow(ResourceExecutedContextSealed context)
   at Microsoft.AspNetCore.Mvc.Infrastructure.ResourceInvoker.Next(State& next, Scope& scope, Object& state, Boolean& isCompleted)
   at Microsoft.AspNetCore.Mvc.Infrastructure.ResourceInvoker.<InvokeFilterPipelineAsync>g__Awaited|20_0(ResourceInvoker invoker, Task lastTask, State next, Scope scope, Object state, Boolean isCompleted)
   at Microsoft.AspNetCore.Mvc.Infrastructure.ResourceInvoker.<InvokeAsync>g__Awaited|17_0(ResourceInvoker invoker, Task task, IDisposable scope)
   at Microsoft.AspNetCore.Mvc.Infrastructure.ResourceInvoker.<InvokeAsync>g__Awaited|17_0(ResourceInvoker invoker, Task task, IDisposable scope)
   at Microsoft.AspNetCore.Routing.EndpointMiddleware.<Invoke>g__AwaitRequestTask|6_0(Endpoint endpoint, Task requestTask, ILogger logger)
   at Microsoft.AspNetCore.Localization.RequestLocalizationMiddleware.Invoke(HttpContext context)
   at LBPUnion.ProjectLighthouse.Middlewares.RequestLogMiddleware.InvokeAsync(HttpContext context) in B:\Development\CSharp\lbpfor.me\ProjectLighthouse\Middlewares\RequestLogMiddleware.cs:line 27
   at Microsoft.AspNetCore.Diagnostics.DeveloperExceptionPageMiddleware.Invoke(HttpContext context)
[Website] [Error] <DiagnosticsLoggerExtensions:UnhandledException> An unhandled exception has occurred while executing the request.
[Website] [Error] <DiagnosticsLoggerExtensions:UnhandledException> CompilationFailures = System.Collections.Generic.List`1[Microsoft.AspNetCore.Diagnostics.CompilationFailure]
TargetSite = System.Reflection.Assembly CompileAndEmit(Microsoft.AspNetCore.Razor.Language.RazorCodeDocument, System.String)
Message = One or more compilation failures occurred:
B:\Development\CSharp\lbpfor.me\ProjectLighthouse.Servers.Website\Pages\Partials\PhotoPartial.cshtml(56,52): error CS0103: The name 'subjects' does not exist in the current context
Data = System.Collections.ListDictionaryInternal
InnerException = 
HelpLink = 
Source = Microsoft.AspNetCore.Mvc.Razor.RuntimeCompilation
HResult = -2146233088
StackTrace =    at Microsoft.AspNetCore.Mvc.Razor.RuntimeCompilation.RuntimeViewCompiler.CompileAndEmit(RazorCodeDocument codeDocument, String generatedCode)
   at Microsoft.AspNetCore.Mvc.Razor.RuntimeCompilation.RuntimeViewCompiler.CompileAndEmit(String relativePath)
   at Microsoft.AspNetCore.Mvc.Razor.RuntimeCompilation.RuntimeViewCompiler.OnCacheMiss(String normalizedPath)
--- End of stack trace from previous location ---
   at Microsoft.AspNetCore.Mvc.Razor.Compilation.DefaultRazorPageFactoryProvider.CreateFactory(String relativePath)
   at Microsoft.AspNetCore.Mvc.Razor.RazorViewEngine.CreateCacheResult(HashSet`1 expirationTokens, String relativePath, Boolean isMainPage)
   at Microsoft.AspNetCore.Mvc.Razor.RazorViewEngine.OnCacheMiss(ViewLocationExpanderContext expanderContext, ViewLocationCacheKey cacheKey)
   at Microsoft.AspNetCore.Mvc.Razor.RazorViewEngine.LocatePageFromViewLocations(ActionContext actionContext, String pageName, Boolean isMainPage)
   at Microsoft.AspNetCore.Mvc.Razor.RazorViewEngine.FindView(ActionContext context, String viewName, Boolean isMainPage)
   at Microsoft.AspNetCore.Mvc.ViewEngines.CompositeViewEngine.FindView(ActionContext context, String viewName, Boolean isMainPage)
   at Microsoft.AspNetCore.Mvc.ViewFeatures.HtmlHelper.RenderPartialCoreAsync(String partialViewName, Object model, ViewDataDictionary viewData, TextWriter writer)
   at Microsoft.AspNetCore.Mvc.ViewFeatures.HtmlHelper.PartialAsync(String partialViewName, Object model, ViewDataDictionary viewData)
   at AspNetCore.Pages_UserPage.ExecuteAsync() in B:\Development\CSharp\lbpfor.me\ProjectLighthouse.Servers.Website\Pages\UserPage.cshtml:line 113
   at Microsoft.AspNetCore.Mvc.Razor.RazorView.RenderPageCoreAsync(IRazorPage page, ViewContext context)
   at Microsoft.AspNetCore.Mvc.Razor.RazorView.RenderPageAsync(IRazorPage page, ViewContext context, Boolean invokeViewStarts)
   at Microsoft.AspNetCore.Mvc.Razor.RazorView.RenderAsync(ViewContext context)
   at Microsoft.AspNetCore.Mvc.ViewFeatures.ViewExecutor.ExecuteAsync(ViewContext viewContext, String contentType, Nullable`1 statusCode)
   at Microsoft.AspNetCore.Mvc.ViewFeatures.ViewExecutor.ExecuteAsync(ViewContext viewContext, String contentType, Nullable`1 statusCode)
   at Microsoft.AspNetCore.Mvc.Infrastructure.ResourceInvoker.<InvokeNextResultFilterAsync>g__Awaited|30_0[TFilter,TFilterAsync](ResourceInvoker invoker, Task lastTask, State next, Scope scope, Object state, Boolean isCompleted)
   at Microsoft.AspNetCore.Mvc.Infrastructure.ResourceInvoker.Rethrow(ResultExecutedContextSealed context)
   at Microsoft.AspNetCore.Mvc.Infrastructure.ResourceInvoker.ResultNext[TFilter,TFilterAsync](State& next, Scope& scope, Object& state, Boolean& isCompleted)
   at Microsoft.AspNetCore.Mvc.Infrastructure.ResourceInvoker.InvokeResultFilters()
--- End of stack trace from previous location ---
   at Microsoft.AspNetCore.Mvc.Infrastructure.ResourceInvoker.<InvokeNextResourceFilter>g__Awaited|25_0(ResourceInvoker invoker, Task lastTask, State next, Scope scope, Object state, Boolean isCompleted)
   at Microsoft.AspNetCore.Mvc.Infrastructure.ResourceInvoker.Rethrow(ResourceExecutedContextSealed context)
   at Microsoft.AspNetCore.Mvc.Infrastructure.ResourceInvoker.Next(State& next, Scope& scope, Object& state, Boolean& isCompleted)
   at Microsoft.AspNetCore.Mvc.Infrastructure.ResourceInvoker.<InvokeFilterPipelineAsync>g__Awaited|20_0(ResourceInvoker invoker, Task lastTask, State next, Scope scope, Object state, Boolean isCompleted)
   at Microsoft.AspNetCore.Mvc.Infrastructure.ResourceInvoker.<InvokeAsync>g__Awaited|17_0(ResourceInvoker invoker, Task task, IDisposable scope)
   at Microsoft.AspNetCore.Mvc.Infrastructure.ResourceInvoker.<InvokeAsync>g__Awaited|17_0(ResourceInvoker invoker, Task task, IDisposable scope)
   at Microsoft.AspNetCore.Routing.EndpointMiddleware.<Invoke>g__AwaitRequestTask|6_0(Endpoint endpoint, Task requestTask, ILogger logger)
   at Microsoft.AspNetCore.Localization.RequestLocalizationMiddleware.Invoke(HttpContext context)
   at LBPUnion.ProjectLighthouse.Middlewares.RequestLogMiddleware.InvokeAsync(HttpContext context) in B:\Development\CSharp\lbpfor.me\ProjectLighthouse\Middlewares\RequestLogMiddleware.cs:line 27
   at Microsoft.AspNetCore.Diagnostics.DeveloperExceptionPageMiddleware.Invoke(HttpContext context)
[Website] [Error] <DiagnosticsLoggerExtensions:UnhandledException> An unhandled exception has occurred while executing the request.
[Website] [Error] <DiagnosticsLoggerExtensions:UnhandledException> CompilationFailures = System.Collections.Generic.List`1[Microsoft.AspNetCore.Diagnostics.CompilationFailure]
TargetSite = Microsoft.AspNetCore.Mvc.Razor.Compilation.CompiledViewDescriptor CompileAndEmit(System.String)
Message = One or more compilation failures occurred:
B:\Development\CSharp\lbpfor.me\ProjectLighthouse.Servers.Website\Pages\Partials\PhotoPartial.cshtml(24,2): Error RZ1006: The if block is missing a closing "}" character.  Make sure you have a matching "}" character for all the "{" characters within this block, and that none of the "}" characters are being interpreted as markup.
Data = System.Collections.ListDictionaryInternal
InnerException = 
HelpLink = 
Source = Microsoft.AspNetCore.Mvc.Razor.RuntimeCompilation
HResult = -2146233088
StackTrace =    at Microsoft.AspNetCore.Mvc.Razor.RuntimeCompilation.RuntimeViewCompiler.CompileAndEmit(String relativePath)
   at Microsoft.AspNetCore.Mvc.Razor.RuntimeCompilation.RuntimeViewCompiler.OnCacheMiss(String normalizedPath)
--- End of stack trace from previous location ---
   at Microsoft.AspNetCore.Mvc.Razor.Compilation.DefaultRazorPageFactoryProvider.CreateFactory(String relativePath)
   at Microsoft.AspNetCore.Mvc.Razor.RazorViewEngine.CreateCacheResult(HashSet`1 expirationTokens, String relativePath, Boolean isMainPage)
   at Microsoft.AspNetCore.Mvc.Razor.RazorViewEngine.OnCacheMiss(ViewLocationExpanderContext expanderContext, ViewLocationCacheKey cacheKey)
   at Microsoft.AspNetCore.Mvc.Razor.RazorViewEngine.LocatePageFromViewLocations(ActionContext actionContext, String pageName, Boolean isMainPage)
   at Microsoft.AspNetCore.Mvc.Razor.RazorViewEngine.FindView(ActionContext context, String viewName, Boolean isMainPage)
   at Microsoft.AspNetCore.Mvc.ViewEngines.CompositeViewEngine.FindView(ActionContext context, String viewName, Boolean isMainPage)
   at Microsoft.AspNetCore.Mvc.ViewFeatures.HtmlHelper.RenderPartialCoreAsync(String partialViewName, Object model, ViewDataDictionary viewData, TextWriter writer)
   at Microsoft.AspNetCore.Mvc.ViewFeatures.HtmlHelper.PartialAsync(String partialViewName, Object model, ViewDataDictionary viewData)
   at AspNetCore.Pages_UserPage.ExecuteAsync() in B:\Development\CSharp\lbpfor.me\ProjectLighthouse.Servers.Website\Pages\UserPage.cshtml:line 113
   at Microsoft.AspNetCore.Mvc.Razor.RazorView.RenderPageCoreAsync(IRazorPage page, ViewContext context)
   at Microsoft.AspNetCore.Mvc.Razor.RazorView.RenderPageAsync(IRazorPage page, ViewContext context, Boolean invokeViewStarts)
   at Microsoft.AspNetCore.Mvc.Razor.RazorView.RenderAsync(ViewContext context)
   at Microsoft.AspNetCore.Mvc.ViewFeatures.ViewExecutor.ExecuteAsync(ViewContext viewContext, String contentType, Nullable`1 statusCode)
   at Microsoft.AspNetCore.Mvc.ViewFeatures.ViewExecutor.ExecuteAsync(ViewContext viewContext, String contentType, Nullable`1 statusCode)
   at Microsoft.AspNetCore.Mvc.Infrastructure.ResourceInvoker.<InvokeNextResultFilterAsync>g__Awaited|30_0[TFilter,TFilterAsync](ResourceInvoker invoker, Task lastTask, State next, Scope scope, Object state, Boolean isCompleted)
   at Microsoft.AspNetCore.Mvc.Infrastructure.ResourceInvoker.Rethrow(ResultExecutedContextSealed context)
   at Microsoft.AspNetCore.Mvc.Infrastructure.ResourceInvoker.ResultNext[TFilter,TFilterAsync](State& next, Scope& scope, Object& state, Boolean& isCompleted)
   at Microsoft.AspNetCore.Mvc.Infrastructure.ResourceInvoker.InvokeResultFilters()
--- End of stack trace from previous location ---
   at Microsoft.AspNetCore.Mvc.Infrastructure.ResourceInvoker.<InvokeNextResourceFilter>g__Awaited|25_0(ResourceInvoker invoker, Task lastTask, State next, Scope scope, Object state, Boolean isCompleted)
   at Microsoft.AspNetCore.Mvc.Infrastructure.ResourceInvoker.Rethrow(ResourceExecutedContextSealed context)
   at Microsoft.AspNetCore.Mvc.Infrastructure.ResourceInvoker.Next(State& next, Scope& scope, Object& state, Boolean& isCompleted)
   at Microsoft.AspNetCore.Mvc.Infrastructure.ResourceInvoker.<InvokeFilterPipelineAsync>g__Awaited|20_0(ResourceInvoker invoker, Task lastTask, State next, Scope scope, Object state, Boolean isCompleted)
   at Microsoft.AspNetCore.Mvc.Infrastructure.ResourceInvoker.<InvokeAsync>g__Awaited|17_0(ResourceInvoker invoker, Task task, IDisposable scope)
   at Microsoft.AspNetCore.Mvc.Infrastructure.ResourceInvoker.<InvokeAsync>g__Awaited|17_0(ResourceInvoker invoker, Task task, IDisposable scope)
   at Microsoft.AspNetCore.Routing.EndpointMiddleware.<Invoke>g__AwaitRequestTask|6_0(Endpoint endpoint, Task requestTask, ILogger logger)
   at Microsoft.AspNetCore.Localization.RequestLocalizationMiddleware.Invoke(HttpContext context)
   at LBPUnion.ProjectLighthouse.Middlewares.RequestLogMiddleware.InvokeAsync(HttpContext context) in B:\Development\CSharp\lbpfor.me\ProjectLighthouse\Middlewares\RequestLogMiddleware.cs:line 27
   at Microsoft.AspNetCore.Diagnostics.DeveloperExceptionPageMiddleware.Invoke(HttpContext context)
[Website] [Error] <DiagnosticsLoggerExtensions:UnhandledException> An unhandled exception has occurred while executing the request.
[Website] [Error] <DiagnosticsLoggerExtensions:UnhandledException> CompilationFailures = System.Collections.Generic.List`1[Microsoft.AspNetCore.Diagnostics.CompilationFailure]
TargetSite = System.Reflection.Assembly CompileAndEmit(Microsoft.AspNetCore.Razor.Language.RazorCodeDocument, System.String)
Message = One or more compilation failures occurred:
B:\Development\CSharp\lbpfor.me\ProjectLighthouse.Servers.Website\Pages\Admin\AdminPanelUsersPage.cshtml(31,67): error CS1002: ; expected
Data = System.Collections.ListDictionaryInternal
InnerException = 
HelpLink = 
Source = Microsoft.AspNetCore.Mvc.Razor.RuntimeCompilation
HResult = -2146233088
StackTrace =    at Microsoft.AspNetCore.Mvc.Razor.RuntimeCompilation.RuntimeViewCompiler.CompileAndEmit(RazorCodeDocument codeDocument, String generatedCode)
   at Microsoft.AspNetCore.Mvc.Razor.RuntimeCompilation.RuntimeViewCompiler.CompileAndEmit(String relativePath)
   at Microsoft.AspNetCore.Mvc.Razor.RuntimeCompilation.RuntimeViewCompiler.OnCacheMiss(String normalizedPath)
--- End of stack trace from previous location ---
   at Microsoft.AspNetCore.Mvc.RazorPages.Infrastructure.DefaultPageLoader.LoadAsyncCore(PageActionDescriptor actionDescriptor, EndpointMetadataCollection endpointMetadata)
   at Microsoft.AspNetCore.Mvc.RazorPages.Infrastructure.PageLoaderMatcherPolicy.ApplyAsyncAwaited(PageLoader pageLoader, CandidateSet candidates, Task`1 actionDescriptorTask, Int32 index)
   at Microsoft.AspNetCore.Routing.Matching.DfaMatcher.SelectEndpointWithPoliciesAsync(HttpContext httpContext, IEndpointSelectorPolicy[] policies, CandidateSet candidateSet)
   at Microsoft.AspNetCore.Routing.EndpointRoutingMiddleware.<Invoke>g__AwaitMatch|8_1(EndpointRoutingMiddleware middleware, HttpContext httpContext, Task matchTask)
   at LBPUnion.ProjectLighthouse.Middlewares.RequestLogMiddleware.InvokeAsync(HttpContext context) in B:\Development\CSharp\lbpfor.me\ProjectLighthouse\Middlewares\RequestLogMiddleware.cs:line 27
   at Microsoft.AspNetCore.Diagnostics.DeveloperExceptionPageMiddleware.Invoke(HttpContext context)
[Website] [Error] <DiagnosticsLoggerExtensions:UnhandledException> An unhandled exception has occurred while executing the request.
[Website] [Error] <DiagnosticsLoggerExtensions:UnhandledException> CompilationFailures = System.Collections.Generic.List`1[Microsoft.AspNetCore.Diagnostics.CompilationFailure]
TargetSite = Microsoft.AspNetCore.Mvc.Razor.Compilation.CompiledViewDescriptor CompileAndEmit(System.String)
Message = One or more compilation failures occurred:
B:\Development\CSharp\lbpfor.me\ProjectLighthouse.Servers.Website\Pages\Admin\AdminPanelUsersPage.cshtml(31,64): Error RZ1005: "-" is not valid at the start of a code block.  Only identifiers, keywords, comments, "(" and "{" are valid.
Data = System.Collections.ListDictionaryInternal
InnerException = 
HelpLink = 
Source = Microsoft.AspNetCore.Mvc.Razor.RuntimeCompilation
HResult = -2146233088
StackTrace =    at Microsoft.AspNetCore.Mvc.Razor.RuntimeCompilation.RuntimeViewCompiler.CompileAndEmit(String relativePath)
   at Microsoft.AspNetCore.Mvc.Razor.RuntimeCompilation.RuntimeViewCompiler.OnCacheMiss(String normalizedPath)
--- End of stack trace from previous location ---
   at Microsoft.AspNetCore.Mvc.RazorPages.Infrastructure.DefaultPageLoader.LoadAsyncCore(PageActionDescriptor actionDescriptor, EndpointMetadataCollection endpointMetadata)
   at Microsoft.AspNetCore.Mvc.RazorPages.Infrastructure.PageLoaderMatcherPolicy.ApplyAsyncAwaited(PageLoader pageLoader, CandidateSet candidates, Task`1 actionDescriptorTask, Int32 index)
   at Microsoft.AspNetCore.Routing.Matching.DfaMatcher.SelectEndpointWithPoliciesAsync(HttpContext httpContext, IEndpointSelectorPolicy[] policies, CandidateSet candidateSet)
   at Microsoft.AspNetCore.Routing.EndpointRoutingMiddleware.<Invoke>g__AwaitMatch|8_1(EndpointRoutingMiddleware middleware, HttpContext httpContext, Task matchTask)
   at LBPUnion.ProjectLighthouse.Middlewares.RequestLogMiddleware.InvokeAsync(HttpContext context) in B:\Development\CSharp\lbpfor.me\ProjectLighthouse\Middlewares\RequestLogMiddleware.cs:line 27
   at Microsoft.AspNetCore.Diagnostics.DeveloperExceptionPageMiddleware.Invoke(HttpContext context)
[Website] [Error] <DiagnosticsLoggerExtensions:UnhandledException> An unhandled exception has occurred while executing the request.
[Website] [Error] <DiagnosticsLoggerExtensions:UnhandledException> CompilationFailures = System.Collections.Generic.List`1[Microsoft.AspNetCore.Diagnostics.CompilationFailure]
TargetSite = System.Reflection.Assembly CompileAndEmit(Microsoft.AspNetCore.Razor.Language.RazorCodeDocument, System.String)
Message = One or more compilation failures occurred:
B:\Development\CSharp\lbpfor.me\ProjectLighthouse.Servers.Website\Pages\Admin\AdminPanelUsersPage.cshtml(28,38): error CS1003: Syntax error, ',' expected
B:\Development\CSharp\lbpfor.me\ProjectLighthouse.Servers.Website\Pages\Admin\AdminPanelUsersPage.cshtml(28,40): error CS1003: Syntax error, ',' expected
B:\Development\CSharp\lbpfor.me\ProjectLighthouse.Servers.Website\Pages\Admin\AdminPanelUsersPage.cshtml(28,40): error CS1012: Too many characters in character literal
Data = System.Collections.ListDictionaryInternal
InnerException = 
HelpLink = 
Source = Microsoft.AspNetCore.Mvc.Razor.RuntimeCompilation
HResult = -2146233088
StackTrace =    at Microsoft.AspNetCore.Mvc.Razor.RuntimeCompilation.RuntimeViewCompiler.CompileAndEmit(RazorCodeDocument codeDocument, String generatedCode)
   at Microsoft.AspNetCore.Mvc.Razor.RuntimeCompilation.RuntimeViewCompiler.CompileAndEmit(String relativePath)
   at Microsoft.AspNetCore.Mvc.Razor.RuntimeCompilation.RuntimeViewCompiler.OnCacheMiss(String normalizedPath)
--- End of stack trace from previous location ---
   at Microsoft.AspNetCore.Mvc.RazorPages.Infrastructure.DefaultPageLoader.LoadAsyncCore(PageActionDescriptor actionDescriptor, EndpointMetadataCollection endpointMetadata)
   at Microsoft.AspNetCore.Mvc.RazorPages.Infrastructure.PageLoaderMatcherPolicy.ApplyAsyncAwaited(PageLoader pageLoader, CandidateSet candidates, Task`1 actionDescriptorTask, Int32 index)
   at Microsoft.AspNetCore.Routing.Matching.DfaMatcher.SelectEndpointWithPoliciesAsync(HttpContext httpContext, IEndpointSelectorPolicy[] policies, CandidateSet candidateSet)
   at Microsoft.AspNetCore.Routing.EndpointRoutingMiddleware.<Invoke>g__AwaitMatch|8_1(EndpointRoutingMiddleware middleware, HttpContext httpContext, Task matchTask)
   at LBPUnion.ProjectLighthouse.Middlewares.RequestLogMiddleware.InvokeAsync(HttpContext context) in B:\Development\CSharp\lbpfor.me\ProjectLighthouse\Middlewares\RequestLogMiddleware.cs:line 27
   at Microsoft.AspNetCore.Diagnostics.DeveloperExceptionPageMiddleware.Invoke(HttpContext context)
[Website] [Error] <DiagnosticsLoggerExtensions:UnhandledException> An unhandled exception has occurred while executing the request.
[Website] [Error] <DiagnosticsLoggerExtensions:UnhandledException> CompilationFailures = System.Collections.Generic.List`1[Microsoft.AspNetCore.Diagnostics.CompilationFailure]
TargetSite = Microsoft.AspNetCore.Mvc.Razor.Compilation.CompiledViewDescriptor CompileAndEmit(System.String)
Message = One or more compilation failures occurred:
B:\Development\CSharp\lbpfor.me\ProjectLighthouse.Servers.Website\Pages\Admin\AdminPanelUsersPage.cshtml(24,6): Error RZ1006: The foreach block is missing a closing "}" character.  Make sure you have a matching "}" character for all the "{" characters within this block, and that none of the "}" characters are being interpreted as markup.
B:\Development\CSharp\lbpfor.me\ProjectLighthouse.Servers.Website\Pages\Admin\AdminPanelUsersPage.cshtml(33,7): Error RZ1026: Encountered end tag "tbody" with no matching start tag.  Are your start/end tags properly balanced?
B:\Development\CSharp\lbpfor.me\ProjectLighthouse.Servers.Website\Pages\Admin\AdminPanelUsersPage.cshtml(34,3): Error RZ1026: Encountered end tag "table" with no matching start tag.  Are your start/end tags properly balanced?
B:\Development\CSharp\lbpfor.me\ProjectLighthouse.Servers.Website\Pages\Admin\AdminPanelUsersPage.cshtml(35,3): Error RZ1026: Encountered end tag "div" with no matching start tag.  Are your start/end tags properly balanced?
Data = System.Collections.ListDictionaryInternal
InnerException = 
HelpLink = 
Source = Microsoft.AspNetCore.Mvc.Razor.RuntimeCompilation
HResult = -2146233088
StackTrace =    at Microsoft.AspNetCore.Mvc.Razor.RuntimeCompilation.RuntimeViewCompiler.CompileAndEmit(String relativePath)
   at Microsoft.AspNetCore.Mvc.Razor.RuntimeCompilation.RuntimeViewCompiler.OnCacheMiss(String normalizedPath)
--- End of stack trace from previous location ---
   at Microsoft.AspNetCore.Mvc.RazorPages.Infrastructure.DefaultPageLoader.LoadAsyncCore(PageActionDescriptor actionDescriptor, EndpointMetadataCollection endpointMetadata)
   at Microsoft.AspNetCore.Mvc.RazorPages.Infrastructure.PageLoaderMatcherPolicy.ApplyAsyncAwaited(PageLoader pageLoader, CandidateSet candidates, Task`1 actionDescriptorTask, Int32 index)
   at Microsoft.AspNetCore.Routing.Matching.DfaMatcher.SelectEndpointWithPoliciesAsync(HttpContext httpContext, IEndpointSelectorPolicy[] policies, CandidateSet candidateSet)
   at Microsoft.AspNetCore.Routing.EndpointRoutingMiddleware.<Invoke>g__AwaitMatch|8_1(EndpointRoutingMiddleware middleware, HttpContext httpContext, Task matchTask)
   at LBPUnion.ProjectLighthouse.Middlewares.RequestLogMiddleware.InvokeAsync(HttpContext context) in B:\Development\CSharp\lbpfor.me\ProjectLighthouse\Middlewares\RequestLogMiddleware.cs:line 27
   at Microsoft.AspNetCore.Diagnostics.DeveloperExceptionPageMiddleware.Invoke(HttpContext context)
[Website] [Error] <DiagnosticsLoggerExtensions:UnhandledException> An unhandled exception has occurred while executing the request.
[Website] [Error] <DiagnosticsLoggerExtensions:UnhandledException> CompilationFailures = System.Collections.Generic.List`1[Microsoft.AspNetCore.Diagnostics.CompilationFailure]
TargetSite = System.Reflection.Assembly CompileAndEmit(Microsoft.AspNetCore.Razor.Language.RazorCodeDocument, System.String)
Message = One or more compilation failures occurred:
B:\Development\CSharp\lbpfor.me\ProjectLighthouse.Servers.Website\Pages\Admin\AdminPanelUsersPage.cshtml(31,37): error CS1003: Syntax error, ',' expected
B:\Development\CSharp\lbpfor.me\ProjectLighthouse.Servers.Website\Pages\Admin\AdminPanelUsersPage.cshtml(31,38): error CS1002: ; expected
B:\Development\CSharp\lbpfor.me\ProjectLighthouse.Servers.Website\Pages\Admin\AdminPanelUsersPage.cshtml(31,56): error CS1002: ; expected
B:\Development\CSharp\lbpfor.me\ProjectLighthouse.Servers.Website\Pages\Admin\AdminPanelUsersPage.cshtml(27,19): error CS0841: Cannot use local variable 'user' before it is declared
B:\Development\CSharp\lbpfor.me\ProjectLighthouse.Servers.Website\Pages\Admin\AdminPanelUsersPage.cshtml(28,19): error CS0841: Cannot use local variable 'user' before it is declared
B:\Development\CSharp\lbpfor.me\ProjectLighthouse.Servers.Website\Pages\Admin\AdminPanelUsersPage.cshtml(29,19): error CS0841: Cannot use local variable 'user' before it is declared
B:\Development\CSharp\lbpfor.me\ProjectLighthouse.Servers.Website\Pages\Admin\AdminPanelUsersPage.cshtml(30,19): error CS0841: Cannot use local variable 'user' before it is declared
B:\Development\CSharp\lbpfor.me\ProjectLighthouse.Servers.Website\Pages\Admin\AdminPanelUsersPage.cshtml(31,19): error CS0118: 'user' is a variable but is used like a type
B:\Development\CSharp\lbpfor.me\ProjectLighthouse.Servers.Website\Pages\Admin\AdminPanelUsersPage.cshtml(31,33): error CS0136: A local or parameter named 'user' cannot be declared in this scope because that name is used in an enclosing local scope to define a local or parameter
Data = System.Collections.ListDictionaryInternal
InnerException = 
HelpLink = 
Source = Microsoft.AspNetCore.Mvc.Razor.RuntimeCompilation
HResult = -2146233088
StackTrace =    at Microsoft.AspNetCore.Mvc.Razor.RuntimeCompilation.RuntimeViewCompiler.CompileAndEmit(RazorCodeDocument codeDocument, String generatedCode)
   at Microsoft.AspNetCore.Mvc.Razor.RuntimeCompilation.RuntimeViewCompiler.CompileAndEmit(String relativePath)
   at Microsoft.AspNetCore.Mvc.Razor.RuntimeCompilation.RuntimeViewCompiler.OnCacheMiss(String normalizedPath)
--- End of stack trace from previous location ---
   at Microsoft.AspNetCore.Mvc.RazorPages.Infrastructure.DefaultPageLoader.LoadAsyncCore(PageActionDescriptor actionDescriptor, EndpointMetadataCollection endpointMetadata)
   at Microsoft.AspNetCore.Mvc.RazorPages.Infrastructure.PageLoaderMatcherPolicy.ApplyAsyncAwaited(PageLoader pageLoader, CandidateSet candidates, Task`1 actionDescriptorTask, Int32 index)
   at Microsoft.AspNetCore.Routing.Matching.DfaMatcher.SelectEndpointWithPoliciesAsync(HttpContext httpContext, IEndpointSelectorPolicy[] policies, CandidateSet candidateSet)
   at Microsoft.AspNetCore.Routing.EndpointRoutingMiddleware.<Invoke>g__AwaitMatch|8_1(EndpointRoutingMiddleware middleware, HttpContext httpContext, Task matchTask)
   at LBPUnion.ProjectLighthouse.Middlewares.RequestLogMiddleware.InvokeAsync(HttpContext context) in B:\Development\CSharp\lbpfor.me\ProjectLighthouse\Middlewares\RequestLogMiddleware.cs:line 27
   at Microsoft.AspNetCore.Diagnostics.DeveloperExceptionPageMiddleware.Invoke(HttpContext context)
[Website] [Error] <DiagnosticsLoggerExtensions:UnhandledException> An unhandled exception has occurred while executing the request.
[Website] [Error] <DiagnosticsLoggerExtensions:UnhandledException> CompilationFailures = System.Collections.Generic.List`1[Microsoft.AspNetCore.Diagnostics.CompilationFailure]
TargetSite = System.Reflection.Assembly CompileAndEmit(Microsoft.AspNetCore.Razor.Language.RazorCodeDocument, System.String)
Message = One or more compilation failures occurred:
B:\Development\CSharp\lbpfor.me\ProjectLighthouse.Servers.Website\Pages\Admin\AdminPanelUsersPage.cshtml(25,27): error CS1002: ; expected
B:\Development\CSharp\lbpfor.me\ProjectLighthouse.Servers.Website\Pages\Admin\AdminPanelUsersPage.cshtml(25,9): error CS0103: The name 'bannedReason' does not exist in the current context
B:\Development\CSharp\lbpfor.me\ProjectLighthouse.Servers.Website\Pages\Admin\AdminPanelUsersPage.cshtml(26,25): error CS0103: The name 'bannedReason' does not exist in the current context
B:\Development\CSharp\lbpfor.me\ProjectLighthouse.Servers.Website\Pages\Admin\AdminPanelUsersPage.cshtml(32,19): error CS0103: The name 'BannedReason' does not exist in the current context
Data = System.Collections.ListDictionaryInternal
InnerException = 
HelpLink = 
Source = Microsoft.AspNetCore.Mvc.Razor.RuntimeCompilation
HResult = -2146233088
StackTrace =    at Microsoft.AspNetCore.Mvc.Razor.RuntimeCompilation.RuntimeViewCompiler.CompileAndEmit(RazorCodeDocument codeDocument, String generatedCode)
   at Microsoft.AspNetCore.Mvc.Razor.RuntimeCompilation.RuntimeViewCompiler.CompileAndEmit(String relativePath)
   at Microsoft.AspNetCore.Mvc.Razor.RuntimeCompilation.RuntimeViewCompiler.OnCacheMiss(String normalizedPath)
--- End of stack trace from previous location ---
   at Microsoft.AspNetCore.Mvc.RazorPages.Infrastructure.DefaultPageLoader.LoadAsyncCore(PageActionDescriptor actionDescriptor, EndpointMetadataCollection endpointMetadata)
   at Microsoft.AspNetCore.Mvc.RazorPages.Infrastructure.PageLoaderMatcherPolicy.ApplyAsyncAwaited(PageLoader pageLoader, CandidateSet candidates, Task`1 actionDescriptorTask, Int32 index)
   at Microsoft.AspNetCore.Routing.Matching.DfaMatcher.SelectEndpointWithPoliciesAsync(HttpContext httpContext, IEndpointSelectorPolicy[] policies, CandidateSet candidateSet)
   at Microsoft.AspNetCore.Routing.EndpointRoutingMiddleware.<Invoke>g__AwaitMatch|8_1(EndpointRoutingMiddleware middleware, HttpContext httpContext, Task matchTask)
   at LBPUnion.ProjectLighthouse.Middlewares.RequestLogMiddleware.InvokeAsync(HttpContext context) in B:\Development\CSharp\lbpfor.me\ProjectLighthouse\Middlewares\RequestLogMiddleware.cs:line 27
   at Microsoft.AspNetCore.Diagnostics.DeveloperExceptionPageMiddleware.Invoke(HttpContext context)
[Website] [Error] <DiagnosticsLoggerExtensions:UnhandledException> An unhandled exception has occurred while executing the request.
[Website] [Error] <DiagnosticsLoggerExtensions:UnhandledException> CompilationFailures = System.Collections.Generic.List`1[Microsoft.AspNetCore.Diagnostics.CompilationFailure]
TargetSite = System.Reflection.Assembly CompileAndEmit(Microsoft.AspNetCore.Razor.Language.RazorCodeDocument, System.String)
Message = One or more compilation failures occurred:
B:\Development\CSharp\lbpfor.me\ProjectLighthouse.Servers.Website\Pages\Admin\AdminPanelUsersPage.cshtml(25,27): error CS1002: ; expected
B:\Development\CSharp\lbpfor.me\ProjectLighthouse.Servers.Website\Pages\Admin\AdminPanelUsersPage.cshtml(25,9): error CS0103: The name 'bannedReason' does not exist in the current context
B:\Development\CSharp\lbpfor.me\ProjectLighthouse.Servers.Website\Pages\Admin\AdminPanelUsersPage.cshtml(26,25): error CS0103: The name 'bannedReason' does not exist in the current context
B:\Development\CSharp\lbpfor.me\ProjectLighthouse.Servers.Website\Pages\Admin\AdminPanelUsersPage.cshtml(32,19): error CS0103: The name 'bannedReason' does not exist in the current context
Data = System.Collections.ListDictionaryInternal
InnerException = 
HelpLink = 
Source = Microsoft.AspNetCore.Mvc.Razor.RuntimeCompilation
HResult = -2146233088
StackTrace =    at Microsoft.AspNetCore.Mvc.Razor.RuntimeCompilation.RuntimeViewCompiler.CompileAndEmit(RazorCodeDocument codeDocument, String generatedCode)
   at Microsoft.AspNetCore.Mvc.Razor.RuntimeCompilation.RuntimeViewCompiler.CompileAndEmit(String relativePath)
   at Microsoft.AspNetCore.Mvc.Razor.RuntimeCompilation.RuntimeViewCompiler.OnCacheMiss(String normalizedPath)
--- End of stack trace from previous location ---
   at Microsoft.AspNetCore.Mvc.RazorPages.Infrastructure.DefaultPageLoader.LoadAsyncCore(PageActionDescriptor actionDescriptor, EndpointMetadataCollection endpointMetadata)
   at Microsoft.AspNetCore.Mvc.RazorPages.Infrastructure.PageLoaderMatcherPolicy.ApplyAsyncAwaited(PageLoader pageLoader, CandidateSet candidates, Task`1 actionDescriptorTask, Int32 index)
   at Microsoft.AspNetCore.Routing.Matching.DfaMatcher.SelectEndpointWithPoliciesAsync(HttpContext httpContext, IEndpointSelectorPolicy[] policies, CandidateSet candidateSet)
   at Microsoft.AspNetCore.Routing.EndpointRoutingMiddleware.<Invoke>g__AwaitMatch|8_1(EndpointRoutingMiddleware middleware, HttpContext httpContext, Task matchTask)
   at LBPUnion.ProjectLighthouse.Middlewares.RequestLogMiddleware.InvokeAsync(HttpContext context) in B:\Development\CSharp\lbpfor.me\ProjectLighthouse\Middlewares\RequestLogMiddleware.cs:line 27
   at Microsoft.AspNetCore.Diagnostics.DeveloperExceptionPageMiddleware.Invoke(HttpContext context)
