[Website] [Info] <AsyncMethodBuilderCore:Start> Now listening on: http://localhost:10060
[Website] [Info] <ConsoleLifetime:OnApplicationStarted> Application started. Press Ctrl+C to shut down.
[Website] [Info] <ConsoleLifetime:OnApplicationStarted> Hosting environment: Production
[Website] [Info] <ConsoleLifetime:OnApplicationStarted> Content root path: B:\Development\CSharp\lbpfor.me\ProjectLighthouse.Servers.Website
[Website] [Info] <AsyncMethodBuilderCore:Start> Now listening on: http://localhost:10060
[Website] [Info] <ConsoleLifetime:OnApplicationStarted> Application started. Press Ctrl+C to shut down.
[Website] [Info] <ConsoleLifetime:OnApplicationStarted> Hosting environment: Production
[Website] [Info] <ConsoleLifetime:OnApplicationStarted> Content root path: B:\Development\CSharp\lbpfor.me\ProjectLighthouse.Servers.Website
[Website] [Info] <AsyncMethodBuilderCore:Start> Now listening on: http://localhost:10060
[Website] [Info] <ConsoleLifetime:OnApplicationStarted> Application started. Press Ctrl+C to shut down.
[Website] [Info] <ConsoleLifetime:OnApplicationStarted> Hosting environment: Production
[Website] [Info] <ConsoleLifetime:OnApplicationStarted> Content root path: B:\Development\CSharp\lbpfor.me\ProjectLighthouse.Servers.Website
[Website] [Info] <ConsoleLifetime:OnApplicationStopping> Application is shutting down...
[Website] [Info] <AsyncMethodBuilderCore:Start> Now listening on: http://localhost:10060
[Website] [Info] <ConsoleLifetime:OnApplicationStarted> Application started. Press Ctrl+C to shut down.
[Website] [Info] <ConsoleLifetime:OnApplicationStarted> Hosting environment: Production
[Website] [Info] <ConsoleLifetime:OnApplicationStarted> Content root path: B:\Development\CSharp\lbpfor.me\ProjectLighthouse.Servers.Website
[Website] [Info] <AsyncMethodBuilderCore:Start> Now listening on: http://localhost:10060
[Website] [Info] <ConsoleLifetime:OnApplicationStarted> Application started. Press Ctrl+C to shut down.
[Website] [Info] <ConsoleLifetime:OnApplicationStarted> Hosting environment: Production
[Website] [Info] <ConsoleLifetime:OnApplicationStarted> Content root path: B:\Development\CSharp\lbpfor.me\ProjectLighthouse.Servers.Website
[Website] [Info] <ConsoleLifetime:OnApplicationStopping> Application is shutting down...
[Website] [Info] <AsyncMethodBuilderCore:Start> Now listening on: http://localhost:10060
[Website] [Info] <ConsoleLifetime:OnApplicationStarted> Application started. Press Ctrl+C to shut down.
[Website] [Info] <ConsoleLifetime:OnApplicationStarted> Hosting environment: Production
[Website] [Info] <ConsoleLifetime:OnApplicationStarted> Content root path: B:\Development\CSharp\lbpfor.me\ProjectLighthouse.Servers.Website
[Website] [Info] <ConsoleLifetime:OnApplicationStopping> Application is shutting down...
[Website] [Info] <AsyncMethodBuilderCore:Start> Now listening on: http://localhost:10060
[Website] [Info] <ConsoleLifetime:OnApplicationStarted> Application started. Press Ctrl+C to shut down.
[Website] [Info] <ConsoleLifetime:OnApplicationStarted> Hosting environment: Production
[Website] [Info] <ConsoleLifetime:OnApplicationStarted> Content root path: B:\Development\CSharp\lbpfor.me\ProjectLighthouse.Servers.Website
[Website] [Info] <AsyncMethodBuilderCore:Start> Now listening on: http://localhost:10060
[Website] [Info] <ConsoleLifetime:OnApplicationStarted> Application started. Press Ctrl+C to shut down.
[Website] [Info] <ConsoleLifetime:OnApplicationStarted> Hosting environment: Production
[Website] [Info] <ConsoleLifetime:OnApplicationStarted> Content root path: B:\Development\CSharp\lbpfor.me\ProjectLighthouse.Servers.Website
[Website] [Info] <AsyncMethodBuilderCore:Start> Now listening on: http://localhost:10060
[Website] [Info] <ConsoleLifetime:OnApplicationStarted> Application started. Press Ctrl+C to shut down.
[Website] [Info] <ConsoleLifetime:OnApplicationStarted> Hosting environment: Production
[Website] [Info] <ConsoleLifetime:OnApplicationStarted> Content root path: B:\Development\CSharp\lbpfor.me\ProjectLighthouse.Servers.Website
[Website] [Info] <AsyncMethodBuilderCore:Start> Now listening on: http://localhost:10060
[Website] [Info] <ConsoleLifetime:OnApplicationStarted> Application started. Press Ctrl+C to shut down.
[Website] [Info] <ConsoleLifetime:OnApplicationStarted> Hosting environment: Production
[Website] [Info] <ConsoleLifetime:OnApplicationStarted> Content root path: B:\Development\CSharp\lbpfor.me\ProjectLighthouse.Servers.Website
[Website] [Info] <ConsoleLifetime:OnApplicationStopping> Application is shutting down...
[Website] [Info] <AsyncMethodBuilderCore:Start> Now listening on: http://localhost:10060
[Website] [Info] <ConsoleLifetime:OnApplicationStarted> Application started. Press Ctrl+C to shut down.
[Website] [Info] <ConsoleLifetime:OnApplicationStarted> Hosting environment: Production
[Website] [Info] <ConsoleLifetime:OnApplicationStarted> Content root path: B:\Development\CSharp\lbpfor.me\ProjectLighthouse.Servers.Website
[Website] [Info] <AsyncMethodBuilderCore:Start> Now listening on: http://localhost:10060
[Website] [Info] <ConsoleLifetime:OnApplicationStarted> Application started. Press Ctrl+C to shut down.
[Website] [Info] <ConsoleLifetime:OnApplicationStarted> Hosting environment: Production
[Website] [Info] <ConsoleLifetime:OnApplicationStarted> Content root path: B:\Development\CSharp\lbpfor.me\ProjectLighthouse.Servers.Website
[Website] [Info] <AsyncMethodBuilderCore:Start> Now listening on: http://localhost:10060
[Website] [Info] <ConsoleLifetime:OnApplicationStarted> Application started. Press Ctrl+C to shut down.
[Website] [Info] <ConsoleLifetime:OnApplicationStarted> Hosting environment: Production
[Website] [Info] <ConsoleLifetime:OnApplicationStarted> Content root path: B:\Development\CSharp\lbpfor.me\ProjectLighthouse.Servers.Website
[Website] [Info] <ConsoleLifetime:OnApplicationStopping> Application is shutting down...
[Website] [Info] <AsyncMethodBuilderCore:Start> Now listening on: http://localhost:10060
[Website] [Info] <ConsoleLifetime:OnApplicationStarted> Application started. Press Ctrl+C to shut down.
[Website] [Info] <ConsoleLifetime:OnApplicationStarted> Hosting environment: Production
[Website] [Info] <ConsoleLifetime:OnApplicationStarted> Content root path: B:\Development\CSharp\lbpfor.me\ProjectLighthouse.Servers.Website
[Website] [Info] <AsyncMethodBuilderCore:Start> Now listening on: http://localhost:10060
[Website] [Info] <ConsoleLifetime:OnApplicationStarted> Application started. Press Ctrl+C to shut down.
[Website] [Info] <ConsoleLifetime:OnApplicationStarted> Hosting environment: Production
[Website] [Info] <ConsoleLifetime:OnApplicationStarted> Content root path: B:\Development\CSharp\lbpfor.me\ProjectLighthouse.Servers.Website
[Website] [Info] <ConsoleLifetime:OnApplicationStopping> Application is shutting down...
